{"/home/travis/build/npmtest/node-npmtest-opensubtitles-api/test.js":{"path":"/home/travis/build/npmtest/node-npmtest-opensubtitles-api/test.js","s":{"1":2,"2":2,"3":2,"4":2,"5":2,"6":2,"7":2,"8":1,"9":2,"10":2,"11":1,"12":1,"13":1,"14":1,"15":2,"16":2,"17":2,"18":2,"19":1,"20":1,"21":2,"22":2,"23":2,"24":1,"25":1,"26":1,"27":1,"28":1,"29":1,"30":1,"31":1,"32":1,"33":1,"34":1,"35":1,"36":1,"37":1,"38":1,"39":2,"40":2,"41":1,"42":2,"43":2,"44":1,"45":2,"46":2,"47":1,"48":2,"49":2,"50":1,"51":1,"52":1,"53":1,"54":1},"b":{"1":[2,1,1,1],"2":[1,1,1,1],"3":[1,1],"4":[1,1],"5":[1,1],"6":[1,1],"7":[1,1],"8":[1,1],"9":[1,1],"10":[1,1,1],"11":[1,1],"12":[1,1],"13":[1,1],"14":[1,1],"15":[1,1],"16":[1,1],"17":[1,1]},"f":{"1":2,"2":2,"3":2,"4":2,"5":2,"6":1,"7":1,"8":1,"9":2,"10":2,"11":2,"12":2,"13":1},"fnMap":{"1":{"name":"(anonymous_1)","line":12,"loc":{"start":{"line":12,"column":1},"end":{"line":12,"column":13}}},"2":{"name":"(anonymous_2)","line":19,"loc":{"start":{"line":19,"column":5},"end":{"line":19,"column":17}}},"3":{"name":"(anonymous_3)","line":23,"loc":{"start":{"line":23,"column":24},"end":{"line":23,"column":36}}},"4":{"name":"(anonymous_4)","line":61,"loc":{"start":{"line":61,"column":5},"end":{"line":61,"column":17}}},"5":{"name":"(anonymous_5)","line":82,"loc":{"start":{"line":82,"column":5},"end":{"line":82,"column":17}}},"6":{"name":"(anonymous_6)","line":91,"loc":{"start":{"line":91,"column":77},"end":{"line":94,"column":10}}},"7":{"name":"(anonymous_7)","line":112,"loc":{"start":{"line":112,"column":83},"end":{"line":115,"column":10}},"skip":true},"8":{"name":"(anonymous_8)","line":123,"loc":{"start":{"line":123,"column":77},"end":{"line":126,"column":10}},"skip":true},"9":{"name":"(anonymous_9)","line":139,"loc":{"start":{"line":139,"column":12},"end":{"line":139,"column":40}},"skip":true},"10":{"name":"(anonymous_10)","line":147,"loc":{"start":{"line":147,"column":77},"end":{"line":150,"column":10}},"skip":true},"11":{"name":"(anonymous_11)","line":158,"loc":{"start":{"line":158,"column":83},"end":{"line":161,"column":10}},"skip":true},"12":{"name":"(anonymous_12)","line":169,"loc":{"start":{"line":169,"column":79},"end":{"line":172,"column":10}},"skip":true},"13":{"name":"(anonymous_13)","line":180,"loc":{"start":{"line":180,"column":75},"end":{"line":183,"column":10}},"skip":true}},"statementMap":{"1":{"start":{"line":12,"column":0},"end":{"line":195,"column":5}},"2":{"start":{"line":14,"column":4},"end":{"line":14,"column":14}},"3":{"start":{"line":19,"column":4},"end":{"line":56,"column":9}},"4":{"start":{"line":21,"column":8},"end":{"line":21,"column":19}},"5":{"start":{"line":23,"column":8},"end":{"line":35,"column":13}},"6":{"start":{"line":24,"column":12},"end":{"line":34,"column":13}},"7":{"start":{"line":25,"column":16},"end":{"line":28,"column":30}},"8":{"start":{"line":30,"column":16},"end":{"line":33,"column":27}},"9":{"start":{"line":37,"column":8},"end":{"line":39,"column":21}},"10":{"start":{"line":40,"column":8},"end":{"line":53,"column":9}},"11":{"start":{"line":43,"column":12},"end":{"line":46,"column":14}},"12":{"start":{"line":47,"column":12},"end":{"line":47,"column":18}},"13":{"start":{"line":50,"column":12},"end":{"line":51,"column":33}},"14":{"start":{"line":52,"column":12},"end":{"line":52,"column":18}},"15":{"start":{"line":55,"column":8},"end":{"line":55,"column":35}},"16":{"start":{"line":61,"column":4},"end":{"line":63,"column":9}},"17":{"start":{"line":62,"column":8},"end":{"line":62,"column":15}},"18":{"start":{"line":64,"column":4},"end":{"line":77,"column":5}},"19":{"start":{"line":70,"column":8},"end":{"line":70,"column":14}},"20":{"start":{"line":76,"column":8},"end":{"line":76,"column":14}},"21":{"start":{"line":82,"column":4},"end":{"line":84,"column":9}},"22":{"start":{"line":83,"column":8},"end":{"line":83,"column":15}},"23":{"start":{"line":85,"column":4},"end":{"line":194,"column":5}},"24":{"start":{"line":91,"column":8},"end":{"line":99,"column":10}},"25":{"start":{"line":98,"column":12},"end":{"line":98,"column":35}},"26":{"start":{"line":102,"column":8},"end":{"line":104,"column":63}},"27":{"start":{"line":105,"column":8},"end":{"line":105,"column":14}},"28":{"start":{"line":112,"column":8},"end":{"line":121,"column":10},"skip":true},"29":{"start":{"line":119,"column":12},"end":{"line":119,"column":55},"skip":true},"30":{"start":{"line":120,"column":12},"end":{"line":120,"column":48},"skip":true},"31":{"start":{"line":123,"column":8},"end":{"line":136,"column":10},"skip":true},"32":{"start":{"line":130,"column":12},"end":{"line":130,"column":76},"skip":true},"33":{"start":{"line":131,"column":12},"end":{"line":131,"column":73},"skip":true},"34":{"start":{"line":132,"column":12},"end":{"line":132,"column":74},"skip":true},"35":{"start":{"line":133,"column":12},"end":{"line":133,"column":79},"skip":true},"36":{"start":{"line":134,"column":12},"end":{"line":134,"column":25},"skip":true},"37":{"start":{"line":135,"column":12},"end":{"line":135,"column":45},"skip":true},"38":{"start":{"line":138,"column":8},"end":{"line":145,"column":14},"skip":true},"39":{"start":{"line":143,"column":16},"end":{"line":143,"column":29},"skip":true},"40":{"start":{"line":144,"column":16},"end":{"line":144,"column":55},"skip":true},"41":{"start":{"line":147,"column":8},"end":{"line":156,"column":10},"skip":true},"42":{"start":{"line":154,"column":12},"end":{"line":154,"column":25},"skip":true},"43":{"start":{"line":155,"column":12},"end":{"line":155,"column":45},"skip":true},"44":{"start":{"line":158,"column":8},"end":{"line":167,"column":10},"skip":true},"45":{"start":{"line":165,"column":12},"end":{"line":165,"column":25},"skip":true},"46":{"start":{"line":166,"column":12},"end":{"line":166,"column":48},"skip":true},"47":{"start":{"line":169,"column":8},"end":{"line":178,"column":10},"skip":true},"48":{"start":{"line":176,"column":12},"end":{"line":176,"column":25},"skip":true},"49":{"start":{"line":177,"column":12},"end":{"line":177,"column":46},"skip":true},"50":{"start":{"line":180,"column":8},"end":{"line":189,"column":10},"skip":true},"51":{"start":{"line":187,"column":12},"end":{"line":187,"column":94},"skip":true},"52":{"start":{"line":188,"column":12},"end":{"line":188,"column":48},"skip":true},"53":{"start":{"line":192,"column":8},"end":{"line":192,"column":35},"skip":true},"54":{"start":{"line":193,"column":8},"end":{"line":193,"column":14},"skip":true}},"branchMap":{"1":{"line":25,"type":"binary-expr","locations":[{"start":{"line":25,"column":23},"end":{"line":25,"column":62}},{"start":{"line":26,"column":20},"end":{"line":26,"column":70}},{"start":{"line":27,"column":20},"end":{"line":27,"column":71}},{"start":{"line":28,"column":20},"end":{"line":28,"column":29}}]},"2":{"line":30,"type":"binary-expr","locations":[{"start":{"line":30,"column":23},"end":{"line":30,"column":37}},{"start":{"line":31,"column":20},"end":{"line":31,"column":61}},{"start":{"line":32,"column":20},"end":{"line":32,"column":70}},{"start":{"line":33,"column":20},"end":{"line":33,"column":26}}]},"3":{"line":37,"type":"cond-expr","locations":[{"start":{"line":38,"column":14},"end":{"line":38,"column":20}},{"start":{"line":39,"column":14},"end":{"line":39,"column":20}}]},"4":{"line":40,"type":"switch","locations":[{"start":{"line":42,"column":8},"end":{"line":47,"column":18}},{"start":{"line":49,"column":8},"end":{"line":52,"column":18}}]},"5":{"line":44,"type":"binary-expr","locations":[{"start":{"line":44,"column":16},"end":{"line":44,"column":44}},{"start":{"line":44,"column":48},"end":{"line":44,"column":66}}]},"6":{"line":50,"type":"binary-expr","locations":[{"start":{"line":50,"column":21},"end":{"line":50,"column":49}},{"start":{"line":50,"column":53},"end":{"line":50,"column":72}}]},"7":{"line":64,"type":"switch","locations":[{"start":{"line":69,"column":4},"end":{"line":70,"column":14}},{"start":{"line":75,"column":4},"end":{"line":76,"column":14}}]},"8":{"line":85,"type":"switch","locations":[{"start":{"line":90,"column":4},"end":{"line":105,"column":14}},{"start":{"line":111,"column":4},"end":{"line":193,"column":14},"skip":true}]},"9":{"line":91,"type":"binary-expr","locations":[{"start":{"line":91,"column":42},"end":{"line":91,"column":73}},{"start":{"line":91,"column":77},"end":{"line":99,"column":9}}]},"10":{"line":102,"type":"binary-expr","locations":[{"start":{"line":102,"column":18},"end":{"line":102,"column":32}},{"start":{"line":103,"column":12},"end":{"line":103,"column":53}},{"start":{"line":104,"column":12},"end":{"line":104,"column":61}}]},"11":{"line":112,"type":"binary-expr","locations":[{"start":{"line":112,"column":45},"end":{"line":112,"column":79},"skip":true},{"start":{"line":112,"column":83},"end":{"line":121,"column":9},"skip":true}]},"12":{"line":123,"type":"binary-expr","locations":[{"start":{"line":123,"column":42},"end":{"line":123,"column":73},"skip":true},{"start":{"line":123,"column":77},"end":{"line":136,"column":9},"skip":true}]},"13":{"line":138,"type":"binary-expr","locations":[{"start":{"line":138,"column":48},"end":{"line":138,"column":85},"skip":true},{"start":{"line":139,"column":12},"end":{"line":145,"column":13},"skip":true}]},"14":{"line":147,"type":"binary-expr","locations":[{"start":{"line":147,"column":42},"end":{"line":147,"column":73},"skip":true},{"start":{"line":147,"column":77},"end":{"line":156,"column":9},"skip":true}]},"15":{"line":158,"type":"binary-expr","locations":[{"start":{"line":158,"column":45},"end":{"line":158,"column":79},"skip":true},{"start":{"line":158,"column":83},"end":{"line":167,"column":9},"skip":true}]},"16":{"line":169,"type":"binary-expr","locations":[{"start":{"line":169,"column":43},"end":{"line":169,"column":75},"skip":true},{"start":{"line":169,"column":79},"end":{"line":178,"column":9},"skip":true}]},"17":{"line":180,"type":"binary-expr","locations":[{"start":{"line":180,"column":41},"end":{"line":180,"column":71},"skip":true},{"start":{"line":180,"column":75},"end":{"line":189,"column":9},"skip":true}]}},"code":["/* istanbul instrument in package npmtest_opensubtitles_api */","/*jslint","    bitwise: true,","    browser: true,","    maxerr: 8,","    maxlen: 96,","    node: true,","    nomen: true,","    regexp: true,","    stupid: true","*/","(function () {","    'use strict';","    var local;","","","","    // run shared js-env code - init-before","    (function () {","        // init local","        local = {};","        // init modeJs","        local.modeJs = (function () {","            try {","                return typeof navigator.userAgent === 'string' &&","                    typeof document.querySelector('body') === 'object' &&","                    typeof XMLHttpRequest.prototype.open === 'function' &&","                    'browser';","            } catch (errorCaughtBrowser) {","                return module.exports &&","                    typeof process.versions.node === 'string' &&","                    typeof require('http').createServer === 'function' &&","                    'node';","            }","        }());","        // init global","        local.global = local.modeJs === 'browser'","            ? window","            : global;","        switch (local.modeJs) {","        // re-init local from window.local","        case 'browser':","            local = local.global.utility2.objectSetDefault(","                local.global.utility2_rollup || local.global.local,","                local.global.utility2","            );","            break;","        // re-init local from example.js","        case 'node':","            local = (local.global.utility2_rollup || require('utility2'))","                .requireReadme();","            break;","        }","        // export local","        local.global.local = local;","    }());","","","","    // run shared js-env code - function","    (function () {","        return;","    }());","    switch (local.modeJs) {","","","","    // run browser js-env code - function","    case 'browser':","        break;","","","","    // run node js-env code - function","    case 'node':","        break;","    }","","","","    // run shared js-env code - init-after","    (function () {","        return;","    }());","    switch (local.modeJs) {","","","","    // run browser js-env code - init-after","    case 'browser':","        local.testCase_browser_nullCase = local.testCase_browser_nullCase || function (","            options,","            onError","        ) {","        /*","         * this function will test browsers's null-case handling-behavior-behavior","         */","            onError(null, options);","        };","","        // run tests","        local.nop(local.modeTest &&","            document.querySelector('#testRunButton1') &&","            document.querySelector('#testRunButton1').click());","        break;","","","","    // run node js-env code - init-after","    /* istanbul ignore next */","    case 'node':","        local.testCase_buildApidoc_default = local.testCase_buildApidoc_default || function (","            options,","            onError","        ) {","        /*","         * this function will test buildApidoc's default handling-behavior-behavior","         */","            options = { modulePathList: module.paths };","            local.buildApidoc(options, onError);","        };","","        local.testCase_buildApp_default = local.testCase_buildApp_default || function (","            options,","            onError","        ) {","        /*","         * this function will test buildApp's default handling-behavior-behavior","         */","            local.testCase_buildReadme_default(options, local.onErrorThrow);","            local.testCase_buildLib_default(options, local.onErrorThrow);","            local.testCase_buildTest_default(options, local.onErrorThrow);","            local.testCase_buildCustomOrg_default(options, local.onErrorThrow);","            options = [];","            local.buildApp(options, onError);","        };","","        local.testCase_buildCustomOrg_default = local.testCase_buildCustomOrg_default ||","            function (options, onError) {","            /*","             * this function will test buildCustomOrg's default handling-behavior","             */","                options = {};","                local.buildCustomOrg(options, onError);","            };","","        local.testCase_buildLib_default = local.testCase_buildLib_default || function (","            options,","            onError","        ) {","        /*","         * this function will test buildLib's default handling-behavior","         */","            options = {};","            local.buildLib(options, onError);","        };","","        local.testCase_buildReadme_default = local.testCase_buildReadme_default || function (","            options,","            onError","        ) {","        /*","         * this function will test buildReadme's default handling-behavior-behavior","         */","            options = {};","            local.buildReadme(options, onError);","        };","","        local.testCase_buildTest_default = local.testCase_buildTest_default || function (","            options,","            onError","        ) {","        /*","         * this function will test buildTest's default handling-behavior","         */","            options = {};","            local.buildTest(options, onError);","        };","","        local.testCase_webpage_default = local.testCase_webpage_default || function (","            options,","            onError","        ) {","        /*","         * this function will test webpage's default handling-behavior","         */","            options = { modeCoverageMerge: true, url: local.serverLocalHost + '?modeTest=1' };","            local.browserTest(options, onError);","        };","","        // run test-server","        local.testRunServer(local);","        break;","    }","}());",""],"l":{"12":2,"14":2,"19":2,"21":2,"23":2,"24":2,"25":2,"30":1,"37":2,"40":2,"43":1,"47":1,"50":1,"52":1,"55":2,"61":2,"62":2,"64":2,"70":1,"76":1,"82":2,"83":2,"85":2,"91":1,"98":1,"102":1,"105":1,"112":1,"119":1,"120":1,"123":1,"130":1,"131":1,"132":1,"133":1,"134":1,"135":1,"138":1,"143":2,"144":2,"147":1,"154":2,"155":2,"158":1,"165":2,"166":2,"169":1,"176":2,"177":2,"180":1,"187":1,"188":1,"192":1,"193":1}},"/home/travis/build/npmtest/node-npmtest-opensubtitles-api/lib.npmtest_opensubtitles_api.js":{"path":"/home/travis/build/npmtest/node-npmtest-opensubtitles-api/lib.npmtest_opensubtitles_api.js","s":{"1":2,"2":2,"3":2,"4":2,"5":2,"6":2,"7":2,"8":1,"9":2,"10":2,"11":2,"12":2,"13":1,"14":1,"15":1,"16":1},"b":{"1":[2,1,1,1],"2":[1,1,1,1],"3":[1,1],"4":[2,2],"5":[1,1]},"f":{"1":2,"2":2,"3":2},"fnMap":{"1":{"name":"(anonymous_1)","line":12,"loc":{"start":{"line":12,"column":1},"end":{"line":12,"column":13}}},"2":{"name":"(anonymous_2)","line":19,"loc":{"start":{"line":19,"column":5},"end":{"line":19,"column":17}}},"3":{"name":"(anonymous_3)","line":23,"loc":{"start":{"line":23,"column":24},"end":{"line":23,"column":36}}}},"statementMap":{"1":{"start":{"line":12,"column":0},"end":{"line":53,"column":5}},"2":{"start":{"line":14,"column":4},"end":{"line":14,"column":14}},"3":{"start":{"line":19,"column":4},"end":{"line":52,"column":9}},"4":{"start":{"line":21,"column":8},"end":{"line":21,"column":19}},"5":{"start":{"line":23,"column":8},"end":{"line":35,"column":13}},"6":{"start":{"line":24,"column":12},"end":{"line":34,"column":13}},"7":{"start":{"line":25,"column":16},"end":{"line":28,"column":30}},"8":{"start":{"line":30,"column":16},"end":{"line":33,"column":27}},"9":{"start":{"line":37,"column":8},"end":{"line":39,"column":21}},"10":{"start":{"line":41,"column":8},"end":{"line":41,"column":54}},"11":{"start":{"line":43,"column":8},"end":{"line":43,"column":62}},"12":{"start":{"line":45,"column":8},"end":{"line":51,"column":9}},"13":{"start":{"line":46,"column":12},"end":{"line":46,"column":68}},"14":{"start":{"line":48,"column":12},"end":{"line":48,"column":35}},"15":{"start":{"line":49,"column":12},"end":{"line":49,"column":49}},"16":{"start":{"line":50,"column":12},"end":{"line":50,"column":43}}},"branchMap":{"1":{"line":25,"type":"binary-expr","locations":[{"start":{"line":25,"column":23},"end":{"line":25,"column":62}},{"start":{"line":26,"column":20},"end":{"line":26,"column":70}},{"start":{"line":27,"column":20},"end":{"line":27,"column":71}},{"start":{"line":28,"column":20},"end":{"line":28,"column":29}}]},"2":{"line":30,"type":"binary-expr","locations":[{"start":{"line":30,"column":23},"end":{"line":30,"column":37}},{"start":{"line":31,"column":20},"end":{"line":31,"column":61}},{"start":{"line":32,"column":20},"end":{"line":32,"column":70}},{"start":{"line":33,"column":20},"end":{"line":33,"column":26}}]},"3":{"line":37,"type":"cond-expr","locations":[{"start":{"line":38,"column":14},"end":{"line":38,"column":20}},{"start":{"line":39,"column":14},"end":{"line":39,"column":20}}]},"4":{"line":41,"type":"binary-expr","locations":[{"start":{"line":41,"column":16},"end":{"line":41,"column":44}},{"start":{"line":41,"column":48},"end":{"line":41,"column":53}}]},"5":{"line":45,"type":"if","locations":[{"start":{"line":45,"column":8},"end":{"line":45,"column":8}},{"start":{"line":45,"column":8},"end":{"line":45,"column":8}}]}},"code":["/* istanbul instrument in package npmtest_opensubtitles_api */","/*jslint","    bitwise: true,","    browser: true,","    maxerr: 8,","    maxlen: 96,","    node: true,","    nomen: true,","    regexp: true,","    stupid: true","*/","(function () {","    'use strict';","    var local;","","","","    // run shared js-env code - init-before","    (function () {","        // init local","        local = {};","        // init modeJs","        local.modeJs = (function () {","            try {","                return typeof navigator.userAgent === 'string' &&","                    typeof document.querySelector('body') === 'object' &&","                    typeof XMLHttpRequest.prototype.open === 'function' &&","                    'browser';","            } catch (errorCaughtBrowser) {","                return module.exports &&","                    typeof process.versions.node === 'string' &&","                    typeof require('http').createServer === 'function' &&","                    'node';","            }","        }());","        // init global","        local.global = local.modeJs === 'browser'","            ? window","            : global;","        // init utility2_rollup","        local = local.global.utility2_rollup || local;","        // init lib","        local.local = local.npmtest_opensubtitles_api = local;","        // init exports","        if (local.modeJs === 'browser') {","            local.global.utility2_npmtest_opensubtitles_api = local;","        } else {","            module.exports = local;","            module.exports.__dirname = __dirname;","            module.exports.module = module;","        }","    }());","}());",""],"l":{"12":2,"14":2,"19":2,"21":2,"23":2,"24":2,"25":2,"30":1,"37":2,"41":2,"43":2,"45":2,"46":1,"48":1,"49":1,"50":1}},"/home/travis/build/npmtest/node-npmtest-opensubtitles-api/example.js":{"path":"/home/travis/build/npmtest/node-npmtest-opensubtitles-api/example.js","s":{"1":2,"2":2,"3":2,"4":2,"5":2,"6":2,"7":2,"8":1,"9":2,"10":2,"11":2,"12":2,"13":1,"14":2,"15":2,"16":2,"17":2,"18":2,"19":0,"20":2,"21":1,"22":1,"23":1,"24":1,"25":1,"26":0,"27":0,"28":1,"29":1,"30":2,"31":0,"32":0,"33":0,"34":1,"35":2,"36":2,"37":3,"38":3,"39":3,"40":3,"41":0,"42":3,"43":3,"44":3,"45":1,"46":3,"47":1,"48":1,"49":1,"50":1,"51":1,"52":1,"53":1,"54":1,"55":1,"56":1,"57":0,"58":1,"59":6,"60":6,"61":1,"62":2,"63":0,"64":2,"65":1,"66":1,"67":0,"68":0,"69":0,"70":0,"71":0,"72":0,"73":0,"74":0,"75":0,"76":0,"77":0,"78":0,"79":0,"80":0,"81":0,"82":0,"83":0},"b":{"1":[2,1,1,1],"2":[1,1,1,1],"3":[1,1],"4":[2,2],"5":[1,1],"6":[1,1],"7":[2,0],"8":[2,1,1,1,1,1],"9":[0,2,0],"10":[1,1],"11":[2,1,1],"12":[1,0],"13":[0,2],"14":[2,0,0,0,0,0,0],"15":[0,3],"16":[3,0],"17":[1,1],"18":[0,1],"19":[1,2,0,2],"20":[1,0],"21":[1,1],"22":[0,0],"23":[0,0],"24":[0,0],"25":[0,0],"26":[0,0],"27":[0,0],"28":[0,0]},"f":{"1":2,"2":2,"3":2,"4":2,"5":2,"6":2,"7":3,"8":3,"9":3,"10":1,"11":6,"12":0},"fnMap":{"1":{"name":"(anonymous_1)","line":26,"loc":{"start":{"line":26,"column":1},"end":{"line":26,"column":13}}},"2":{"name":"(anonymous_2)","line":33,"loc":{"start":{"line":33,"column":5},"end":{"line":33,"column":17}}},"3":{"name":"(anonymous_3)","line":37,"loc":{"start":{"line":37,"column":24},"end":{"line":37,"column":36}}},"4":{"name":"(anonymous_4)","line":69,"loc":{"start":{"line":69,"column":31},"end":{"line":69,"column":48}},"skip":true},"5":{"name":"(anonymous_5)","line":78,"loc":{"start":{"line":78,"column":26},"end":{"line":78,"column":45}},"skip":true},"6":{"name":"(anonymous_6)","line":123,"loc":{"start":{"line":123,"column":33},"end":{"line":123,"column":48}},"skip":true},"7":{"name":"(anonymous_7)","line":125,"loc":{"start":{"line":125,"column":27},"end":{"line":125,"column":39}},"skip":true},"8":{"name":"(anonymous_8)","line":133,"loc":{"start":{"line":133,"column":59},"end":{"line":133,"column":74}},"skip":true},"9":{"name":"(anonymous_9)","line":143,"loc":{"start":{"line":143,"column":45},"end":{"line":143,"column":62}},"skip":true},"10":{"name":"(anonymous_10)","line":144,"loc":{"start":{"line":144,"column":73},"end":{"line":144,"column":92}},"skip":true},"11":{"name":"(anonymous_11)","line":272,"loc":{"start":{"line":272,"column":51},"end":{"line":272,"column":77}},"skip":true},"12":{"name":"(anonymous_12)","line":315,"loc":{"start":{"line":315,"column":32},"end":{"line":315,"column":61}},"skip":true}},"statementMap":{"1":{"start":{"line":26,"column":0},"end":{"line":326,"column":5}},"2":{"start":{"line":28,"column":4},"end":{"line":28,"column":14}},"3":{"start":{"line":33,"column":4},"end":{"line":60,"column":9}},"4":{"start":{"line":35,"column":8},"end":{"line":35,"column":19}},"5":{"start":{"line":37,"column":8},"end":{"line":49,"column":13}},"6":{"start":{"line":38,"column":12},"end":{"line":48,"column":13}},"7":{"start":{"line":39,"column":16},"end":{"line":42,"column":30}},"8":{"start":{"line":44,"column":16},"end":{"line":47,"column":27}},"9":{"start":{"line":51,"column":8},"end":{"line":53,"column":21}},"10":{"start":{"line":55,"column":8},"end":{"line":57,"column":45}},"11":{"start":{"line":59,"column":8},"end":{"line":59,"column":35}},"12":{"start":{"line":61,"column":4},"end":{"line":325,"column":5}},"13":{"start":{"line":69,"column":8},"end":{"line":121,"column":10},"skip":true},"14":{"start":{"line":70,"column":12},"end":{"line":88,"column":13},"skip":true},"15":{"start":{"line":76,"column":16},"end":{"line":87,"column":19},"skip":true},"16":{"start":{"line":79,"column":20},"end":{"line":86,"column":21},"skip":true},"17":{"start":{"line":82,"column":24},"end":{"line":82,"column":43},"skip":true},"18":{"start":{"line":83,"column":24},"end":{"line":83,"column":30},"skip":true},"19":{"start":{"line":85,"column":24},"end":{"line":85,"column":49},"skip":true},"20":{"start":{"line":89,"column":12},"end":{"line":107,"column":13},"skip":true},"21":{"start":{"line":92,"column":16},"end":{"line":102,"column":17},"skip":true},"22":{"start":{"line":93,"column":20},"end":{"line":93,"column":86},"skip":true},"23":{"start":{"line":94,"column":20},"end":{"line":95,"column":45},"skip":true},"24":{"start":{"line":96,"column":20},"end":{"line":96,"column":42},"skip":true},"25":{"start":{"line":97,"column":20},"end":{"line":97,"column":48},"skip":true},"26":{"start":{"line":100,"column":20},"end":{"line":100,"column":85},"skip":true},"27":{"start":{"line":101,"column":20},"end":{"line":101,"column":96},"skip":true},"28":{"start":{"line":103,"column":16},"end":{"line":103,"column":22},"skip":true},"29":{"start":{"line":106,"column":16},"end":{"line":106,"column":22},"skip":true},"30":{"start":{"line":108,"column":12},"end":{"line":120,"column":13},"skip":true},"31":{"start":{"line":114,"column":16},"end":{"line":119,"column":17},"skip":true},"32":{"start":{"line":116,"column":20},"end":{"line":116,"column":78},"skip":true},"33":{"start":{"line":118,"column":20},"end":{"line":118,"column":47},"skip":true},"34":{"start":{"line":123,"column":8},"end":{"line":141,"column":11},"skip":true},"35":{"start":{"line":124,"column":12},"end":{"line":124,"column":54},"skip":true},"36":{"start":{"line":125,"column":12},"end":{"line":140,"column":14},"skip":true},"37":{"start":{"line":126,"column":16},"end":{"line":126,"column":28},"skip":true},"38":{"start":{"line":127,"column":16},"end":{"line":127,"column":69},"skip":true},"39":{"start":{"line":128,"column":16},"end":{"line":128,"column":75},"skip":true},"40":{"start":{"line":129,"column":16},"end":{"line":131,"column":17},"skip":true},"41":{"start":{"line":130,"column":20},"end":{"line":130,"column":27},"skip":true},"42":{"start":{"line":133,"column":16},"end":{"line":137,"column":36},"skip":true},"43":{"start":{"line":134,"column":20},"end":{"line":136,"column":55},"skip":true},"44":{"start":{"line":139,"column":16},"end":{"line":139,"column":57},"skip":true},"45":{"start":{"line":143,"column":8},"end":{"line":147,"column":11},"skip":true},"46":{"start":{"line":144,"column":12},"end":{"line":146,"column":15},"skip":true},"47":{"start":{"line":145,"column":16},"end":{"line":145,"column":70},"skip":true},"48":{"start":{"line":149,"column":8},"end":{"line":149,"column":31},"skip":true},"49":{"start":{"line":150,"column":8},"end":{"line":150,"column":14},"skip":true},"50":{"start":{"line":158,"column":8},"end":{"line":158,"column":31},"skip":true},"51":{"start":{"line":160,"column":8},"end":{"line":160,"column":33},"skip":true},"52":{"start":{"line":161,"column":8},"end":{"line":161,"column":37},"skip":true},"53":{"start":{"line":162,"column":8},"end":{"line":162,"column":35},"skip":true},"54":{"start":{"line":164,"column":8},"end":{"line":164,"column":50},"skip":true},"55":{"start":{"line":166,"column":8},"end":{"line":256,"column":2},"skip":true},"56":{"start":{"line":258,"column":8},"end":{"line":286,"column":9},"skip":true},"57":{"start":{"line":259,"column":12},"end":{"line":269,"column":14},"skip":true},"58":{"start":{"line":271,"column":12},"end":{"line":285,"column":19},"skip":true},"59":{"start":{"line":274,"column":20},"end":{"line":274,"column":35},"skip":true},"60":{"start":{"line":275,"column":20},"end":{"line":284,"column":21},"skip":true},"61":{"start":{"line":277,"column":24},"end":{"line":277,"column":64},"skip":true},"62":{"start":{"line":279,"column":24},"end":{"line":279,"column":40},"skip":true},"63":{"start":{"line":281,"column":24},"end":{"line":281,"column":40},"skip":true},"64":{"start":{"line":283,"column":24},"end":{"line":283,"column":39},"skip":true},"65":{"start":{"line":288,"column":8},"end":{"line":290,"column":9},"skip":true},"66":{"start":{"line":289,"column":12},"end":{"line":289,"column":18},"skip":true},"67":{"start":{"line":291,"column":8},"end":{"line":293,"column":54},"skip":true},"68":{"start":{"line":296,"column":8},"end":{"line":301,"column":37},"skip":true},"69":{"start":{"line":303,"column":8},"end":{"line":303,"column":82},"skip":true},"70":{"start":{"line":306,"column":8},"end":{"line":308,"column":9},"skip":true},"71":{"start":{"line":307,"column":12},"end":{"line":307,"column":82},"skip":true},"72":{"start":{"line":310,"column":8},"end":{"line":312,"column":9},"skip":true},"73":{"start":{"line":311,"column":12},"end":{"line":311,"column":18},"skip":true},"74":{"start":{"line":313,"column":8},"end":{"line":313,"column":54},"skip":true},"75":{"start":{"line":314,"column":8},"end":{"line":314,"column":69},"skip":true},"76":{"start":{"line":315,"column":8},"end":{"line":323,"column":36},"skip":true},"77":{"start":{"line":316,"column":12},"end":{"line":316,"column":61},"skip":true},"78":{"start":{"line":317,"column":12},"end":{"line":320,"column":13},"skip":true},"79":{"start":{"line":318,"column":16},"end":{"line":318,"column":75},"skip":true},"80":{"start":{"line":319,"column":16},"end":{"line":319,"column":23},"skip":true},"81":{"start":{"line":321,"column":12},"end":{"line":321,"column":38},"skip":true},"82":{"start":{"line":322,"column":12},"end":{"line":322,"column":27},"skip":true},"83":{"start":{"line":324,"column":8},"end":{"line":324,"column":14},"skip":true}},"branchMap":{"1":{"line":39,"type":"binary-expr","locations":[{"start":{"line":39,"column":23},"end":{"line":39,"column":62}},{"start":{"line":40,"column":20},"end":{"line":40,"column":70}},{"start":{"line":41,"column":20},"end":{"line":41,"column":71}},{"start":{"line":42,"column":20},"end":{"line":42,"column":29}}]},"2":{"line":44,"type":"binary-expr","locations":[{"start":{"line":44,"column":23},"end":{"line":44,"column":37}},{"start":{"line":45,"column":20},"end":{"line":45,"column":61}},{"start":{"line":46,"column":20},"end":{"line":46,"column":70}},{"start":{"line":47,"column":20},"end":{"line":47,"column":26}}]},"3":{"line":51,"type":"cond-expr","locations":[{"start":{"line":52,"column":14},"end":{"line":52,"column":20}},{"start":{"line":53,"column":14},"end":{"line":53,"column":20}}]},"4":{"line":55,"type":"binary-expr","locations":[{"start":{"line":55,"column":16},"end":{"line":55,"column":44}},{"start":{"line":55,"column":49},"end":{"line":57,"column":43}}]},"5":{"line":55,"type":"cond-expr","locations":[{"start":{"line":56,"column":14},"end":{"line":56,"column":61}},{"start":{"line":57,"column":14},"end":{"line":57,"column":43}}]},"6":{"line":61,"type":"switch","locations":[{"start":{"line":68,"column":4},"end":{"line":150,"column":14},"skip":true},{"start":{"line":156,"column":4},"end":{"line":324,"column":14},"skip":true}]},"7":{"line":70,"type":"if","locations":[{"start":{"line":70,"column":12},"end":{"line":70,"column":12},"skip":true},{"start":{"line":70,"column":12},"end":{"line":70,"column":12},"skip":true}]},"8":{"line":70,"type":"binary-expr","locations":[{"start":{"line":70,"column":16},"end":{"line":70,"column":22},"skip":true},{"start":{"line":70,"column":27},"end":{"line":70,"column":32},"skip":true},{"start":{"line":71,"column":20},"end":{"line":71,"column":39},"skip":true},{"start":{"line":72,"column":20},"end":{"line":72,"column":49},"skip":true},{"start":{"line":73,"column":20},"end":{"line":73,"column":58},"skip":true},{"start":{"line":74,"column":20},"end":{"line":74,"column":69},"skip":true}]},"9":{"line":79,"type":"switch","locations":[{"start":{"line":80,"column":20},"end":{"line":80,"column":33},"skip":true},{"start":{"line":81,"column":20},"end":{"line":83,"column":30},"skip":true},{"start":{"line":84,"column":20},"end":{"line":85,"column":49},"skip":true}]},"10":{"line":89,"type":"switch","locations":[{"start":{"line":90,"column":12},"end":{"line":103,"column":22},"skip":true},{"start":{"line":105,"column":12},"end":{"line":106,"column":22},"skip":true}]},"11":{"line":89,"type":"binary-expr","locations":[{"start":{"line":89,"column":20},"end":{"line":89,"column":25},"skip":true},{"start":{"line":89,"column":29},"end":{"line":89,"column":48},"skip":true},{"start":{"line":89,"column":52},"end":{"line":89,"column":74},"skip":true}]},"12":{"line":92,"type":"if","locations":[{"start":{"line":92,"column":16},"end":{"line":92,"column":16},"skip":true},{"start":{"line":92,"column":16},"end":{"line":92,"column":16},"skip":true}]},"13":{"line":108,"type":"if","locations":[{"start":{"line":108,"column":12},"end":{"line":108,"column":12},"skip":true},{"start":{"line":108,"column":12},"end":{"line":108,"column":12},"skip":true}]},"14":{"line":108,"type":"binary-expr","locations":[{"start":{"line":108,"column":16},"end":{"line":108,"column":61},"skip":true},{"start":{"line":108,"column":66},"end":{"line":108,"column":72},"skip":true},{"start":{"line":108,"column":77},"end":{"line":108,"column":82},"skip":true},{"start":{"line":109,"column":20},"end":{"line":109,"column":39},"skip":true},{"start":{"line":110,"column":20},"end":{"line":110,"column":49},"skip":true},{"start":{"line":111,"column":20},"end":{"line":111,"column":58},"skip":true},{"start":{"line":112,"column":20},"end":{"line":112,"column":68},"skip":true}]},"15":{"line":129,"type":"if","locations":[{"start":{"line":129,"column":16},"end":{"line":129,"column":16},"skip":true},{"start":{"line":129,"column":16},"end":{"line":129,"column":16},"skip":true}]},"16":{"line":134,"type":"cond-expr","locations":[{"start":{"line":135,"column":26},"end":{"line":135,"column":29},"skip":true},{"start":{"line":136,"column":26},"end":{"line":136,"column":54},"skip":true}]},"17":{"line":164,"type":"binary-expr","locations":[{"start":{"line":164,"column":27},"end":{"line":164,"column":43},"skip":true},{"start":{"line":164,"column":47},"end":{"line":164,"column":49},"skip":true}]},"18":{"line":258,"type":"if","locations":[{"start":{"line":258,"column":8},"end":{"line":258,"column":8},"skip":true},{"start":{"line":258,"column":8},"end":{"line":258,"column":8},"skip":true}]},"19":{"line":275,"type":"switch","locations":[{"start":{"line":276,"column":20},"end":{"line":277,"column":64},"skip":true},{"start":{"line":278,"column":20},"end":{"line":279,"column":40},"skip":true},{"start":{"line":280,"column":20},"end":{"line":281,"column":40},"skip":true},{"start":{"line":282,"column":20},"end":{"line":283,"column":39},"skip":true}]},"20":{"line":288,"type":"if","locations":[{"start":{"line":288,"column":8},"end":{"line":288,"column":8},"skip":true},{"start":{"line":288,"column":8},"end":{"line":288,"column":8},"skip":true}]},"21":{"line":288,"type":"binary-expr","locations":[{"start":{"line":288,"column":12},"end":{"line":288,"column":40},"skip":true},{"start":{"line":288,"column":44},"end":{"line":288,"column":67},"skip":true}]},"22":{"line":292,"type":"binary-expr","locations":[{"start":{"line":292,"column":12},"end":{"line":292,"column":50},"skip":true},{"start":{"line":293,"column":12},"end":{"line":293,"column":53},"skip":true}]},"23":{"line":297,"type":"binary-expr","locations":[{"start":{"line":297,"column":12},"end":{"line":297,"column":75},"skip":true},{"start":{"line":298,"column":12},"end":{"line":301,"column":36},"skip":true}]},"24":{"line":303,"type":"binary-expr","locations":[{"start":{"line":303,"column":43},"end":{"line":303,"column":75},"skip":true},{"start":{"line":303,"column":79},"end":{"line":303,"column":81},"skip":true}]},"25":{"line":306,"type":"if","locations":[{"start":{"line":306,"column":8},"end":{"line":306,"column":8},"skip":true},{"start":{"line":306,"column":8},"end":{"line":306,"column":8},"skip":true}]},"26":{"line":310,"type":"if","locations":[{"start":{"line":310,"column":8},"end":{"line":310,"column":8},"skip":true},{"start":{"line":310,"column":8},"end":{"line":310,"column":8},"skip":true}]},"27":{"line":313,"type":"binary-expr","locations":[{"start":{"line":313,"column":27},"end":{"line":313,"column":43},"skip":true},{"start":{"line":313,"column":47},"end":{"line":313,"column":53},"skip":true}]},"28":{"line":317,"type":"if","locations":[{"start":{"line":317,"column":12},"end":{"line":317,"column":12},"skip":true},{"start":{"line":317,"column":12},"end":{"line":317,"column":12},"skip":true}]}},"code":["/*","example.js","","quickstart example","","instruction","    1. save this script as example.js","    2. run the shell command:","        $ npm install npmtest-opensubtitles-api && PORT=8081 node example.js","    3. play with the browser-demo on http://127.0.0.1:8081","*/","","","","/* istanbul instrument in package npmtest_opensubtitles_api */","/*jslint","    bitwise: true,","    browser: true,","    maxerr: 8,","    maxlen: 96,","    node: true,","    nomen: true,","    regexp: true,","    stupid: true","*/","(function () {","    'use strict';","    var local;","","","","    // run shared js-env code - init-before","    (function () {","        // init local","        local = {};","        // init modeJs","        local.modeJs = (function () {","            try {","                return typeof navigator.userAgent === 'string' &&","                    typeof document.querySelector('body') === 'object' &&","                    typeof XMLHttpRequest.prototype.open === 'function' &&","                    'browser';","            } catch (errorCaughtBrowser) {","                return module.exports &&","                    typeof process.versions.node === 'string' &&","                    typeof require('http').createServer === 'function' &&","                    'node';","            }","        }());","        // init global","        local.global = local.modeJs === 'browser'","            ? window","            : global;","        // init utility2_rollup","        local = local.global.utility2_rollup || (local.modeJs === 'browser'","            ? local.global.utility2_npmtest_opensubtitles_api","            : global.utility2_moduleExports);","        // export local","        local.global.local = local;","    }());","    switch (local.modeJs) {","","","","    // init-after","    // run browser js-env code - init-after","    /* istanbul ignore next */","    case 'browser':","        local.testRunBrowser = function (event) {","            if (!event || (event &&","                    event.currentTarget &&","                    event.currentTarget.className &&","                    event.currentTarget.className.includes &&","                    event.currentTarget.className.includes('onreset'))) {","                // reset output","                Array.from(","                    document.querySelectorAll('body > .resettable')","                ).forEach(function (element) {","                    switch (element.tagName) {","                    case 'INPUT':","                    case 'TEXTAREA':","                        element.value = '';","                        break;","                    default:","                        element.textContent = '';","                    }","                });","            }","            switch (event && event.currentTarget && event.currentTarget.id) {","            case 'testRunButton1':","                // show tests","                if (document.querySelector('#testReportDiv1').style.display === 'none') {","                    document.querySelector('#testReportDiv1').style.display = 'block';","                    document.querySelector('#testRunButton1').textContent =","                        'hide internal test';","                    local.modeTest = true;","                    local.testRunDefault(local);","                // hide tests","                } else {","                    document.querySelector('#testReportDiv1').style.display = 'none';","                    document.querySelector('#testRunButton1').textContent = 'run internal test';","                }","                break;","            // custom-case","            default:","                break;","            }","            if (document.querySelector('#inputTextareaEval1') && (!event || (event &&","                    event.currentTarget &&","                    event.currentTarget.className &&","                    event.currentTarget.className.includes &&","                    event.currentTarget.className.includes('oneval')))) {","                // try to eval input-code","                try {","                    /*jslint evil: true*/","                    eval(document.querySelector('#inputTextareaEval1').value);","                } catch (errorCaught) {","                    console.error(errorCaught);","                }","            }","        };","        // log stderr and stdout to #outputTextareaStdout1","        ['error', 'log'].forEach(function (key) {","            console[key + '_original'] = console[key];","            console[key] = function () {","                var element;","                console[key + '_original'].apply(console, arguments);","                element = document.querySelector('#outputTextareaStdout1');","                if (!element) {","                    return;","                }","                // append text to #outputTextareaStdout1","                element.value += Array.from(arguments).map(function (arg) {","                    return typeof arg === 'string'","                        ? arg","                        : JSON.stringify(arg, null, 4);","                }).join(' ') + '\\n';","                // scroll textarea to bottom","                element.scrollTop = element.scrollHeight;","            };","        });","        // init event-handling","        ['change', 'click', 'keyup'].forEach(function (event) {","            Array.from(document.querySelectorAll('.on' + event)).forEach(function (element) {","                element.addEventListener(event, local.testRunBrowser);","            });","        });","        // run tests","        local.testRunBrowser();","        break;","","","","    // run node js-env code - init-after","    /* istanbul ignore next */","    case 'node':","        // export local","        module.exports = local;","        // require modules","        local.fs = require('fs');","        local.http = require('http');","        local.url = require('url');","        // init assets","        local.assetsDict = local.assetsDict || {};","        /* jslint-ignore-begin */","        local.assetsDict['/assets.index.template.html'] = '\\","<!doctype html>\\n\\","<html lang=\"en\">\\n\\","<head>\\n\\","<meta charset=\"UTF-8\">\\n\\","<meta name=\"viewport\" content=\"width=device-width, initial-scale=1\">\\n\\","<title>{{env.npm_package_name}} (v{{env.npm_package_version}})</title>\\n\\","<style>\\n\\","/*csslint\\n\\","    box-sizing: false,\\n\\","    universal-selector: false\\n\\","*/\\n\\","* {\\n\\","    box-sizing: border-box;\\n\\","}\\n\\","body {\\n\\","    background: #dde;\\n\\","    font-family: Arial, Helvetica, sans-serif;\\n\\","    margin: 2rem;\\n\\","}\\n\\","body > * {\\n\\","    margin-bottom: 1rem;\\n\\","}\\n\\",".utility2FooterDiv {\\n\\","    margin-top: 20px;\\n\\","    text-align: center;\\n\\","}\\n\\","</style>\\n\\","<style>\\n\\","/*csslint\\n\\","*/\\n\\","textarea {\\n\\","    font-family: monospace;\\n\\","    height: 10rem;\\n\\","    width: 100%;\\n\\","}\\n\\","textarea[readonly] {\\n\\","    background: #ddd;\\n\\","}\\n\\","</style>\\n\\","</head>\\n\\","<body>\\n\\","<!-- utility2-comment\\n\\","<div id=\"ajaxProgressDiv1\" style=\"background: #d00; height: 2px; left: 0; margin: 0; padding: 0; position: fixed; top: 0; transition: background 0.5s, width 1.5s; width: 25%;\"></div>\\n\\","utility2-comment -->\\n\\","<h1>\\n\\","<!-- utility2-comment\\n\\","    <a\\n\\","        {{#if env.npm_package_homepage}}\\n\\","        href=\"{{env.npm_package_homepage}}\"\\n\\","        {{/if env.npm_package_homepage}}\\n\\","        target=\"_blank\"\\n\\","    >\\n\\","utility2-comment -->\\n\\","        {{env.npm_package_name}} (v{{env.npm_package_version}})\\n\\","<!-- utility2-comment\\n\\","    </a>\\n\\","utility2-comment -->\\n\\","</h1>\\n\\","<h3>{{env.npm_package_description}}</h3>\\n\\","<!-- utility2-comment\\n\\","<h4><a download href=\"assets.app.js\">download standalone app</a></h4>\\n\\","<button class=\"onclick onreset\" id=\"testRunButton1\">run internal test</button><br>\\n\\","<div id=\"testReportDiv1\" style=\"display: none;\"></div>\\n\\","utility2-comment -->\\n\\","\\n\\","\\n\\","\\n\\","<label>stderr and stdout</label>\\n\\","<textarea class=\"resettable\" id=\"outputTextareaStdout1\" readonly></textarea>\\n\\","<!-- utility2-comment\\n\\","{{#if isRollup}}\\n\\","<script src=\"assets.app.js\"></script>\\n\\","{{#unless isRollup}}\\n\\","utility2-comment -->\\n\\","<script src=\"assets.utility2.rollup.js\"></script>\\n\\","<script src=\"jsonp.utility2._stateInit?callback=window.utility2._stateInit\"></script>\\n\\","<script src=\"assets.npmtest_opensubtitles_api.rollup.js\"></script>\\n\\","<script src=\"assets.example.js\"></script>\\n\\","<script src=\"assets.test.js\"></script>\\n\\","<!-- utility2-comment\\n\\","{{/if isRollup}}\\n\\","utility2-comment -->\\n\\","<div class=\"utility2FooterDiv\">\\n\\","    [ this app was created with\\n\\","    <a href=\"https://github.com/kaizhu256/node-utility2\" target=\"_blank\">utility2</a>\\n\\","    ]\\n\\","</div>\\n\\","</body>\\n\\","</html>\\n\\","';","        /* jslint-ignore-end */","        if (local.templateRender) {","            local.assetsDict['/'] = local.templateRender(","                local.assetsDict['/assets.index.template.html'],","                {","                    env: local.objectSetDefault(local.env, {","                        npm_package_description: 'the greatest app in the world!',","                        npm_package_name: 'my-app',","                        npm_package_nameAlias: 'my_app',","                        npm_package_version: '0.0.1'","                    })","                }","            );","        } else {","            local.assetsDict['/'] = local.assetsDict['/assets.index.template.html']","                .replace((/\\{\\{env\\.(\\w+?)\\}\\}/g), function (match0, match1) {","                    // jslint-hack","                    String(match0);","                    switch (match1) {","                    case 'npm_package_description':","                        return 'the greatest app in the world!';","                    case 'npm_package_name':","                        return 'my-app';","                    case 'npm_package_nameAlias':","                        return 'my_app';","                    case 'npm_package_version':","                        return '0.0.1';","                    }","                });","        }","        // run the cli","        if (local.global.utility2_rollup || module !== require.main) {","            break;","        }","        local.assetsDict['/assets.example.js'] =","            local.assetsDict['/assets.example.js'] ||","            local.fs.readFileSync(__filename, 'utf8');","        // bug-workaround - long $npm_package_buildCustomOrg","        /* jslint-ignore-begin */","        local.assetsDict['/assets.npmtest_opensubtitles_api.rollup.js'] =","            local.assetsDict['/assets.npmtest_opensubtitles_api.rollup.js'] ||","            local.fs.readFileSync(","                local.npmtest_opensubtitles_api.__dirname + '/lib.npmtest_opensubtitles_api.js',","                'utf8'","            ).replace((/^#!/), '//');","        /* jslint-ignore-end */","        local.assetsDict['/favicon.ico'] = local.assetsDict['/favicon.ico'] || '';","        // if $npm_config_timeout_exit exists,","        // then exit this process after $npm_config_timeout_exit ms","        if (Number(process.env.npm_config_timeout_exit)) {","            setTimeout(process.exit, Number(process.env.npm_config_timeout_exit));","        }","        // start server","        if (local.global.utility2_serverHttp1) {","            break;","        }","        process.env.PORT = process.env.PORT || '8081';","        console.error('server starting on port ' + process.env.PORT);","        local.http.createServer(function (request, response) {","            request.urlParsed = local.url.parse(request.url);","            if (local.assetsDict[request.urlParsed.pathname] !== undefined) {","                response.end(local.assetsDict[request.urlParsed.pathname]);","                return;","            }","            response.statusCode = 404;","            response.end();","        }).listen(process.env.PORT);","        break;","    }","}());",""],"l":{"26":2,"28":2,"33":2,"35":2,"37":2,"38":2,"39":2,"44":1,"51":2,"55":2,"59":2,"61":2,"69":1,"70":2,"76":2,"79":2,"82":2,"83":2,"85":1,"89":2,"92":1,"93":1,"94":1,"96":1,"97":1,"100":1,"101":1,"103":1,"106":1,"108":2,"114":1,"116":1,"118":1,"123":1,"124":2,"125":2,"126":3,"127":3,"128":3,"129":3,"130":1,"133":3,"134":3,"139":3,"143":1,"144":3,"145":1,"149":1,"150":1,"158":1,"160":1,"161":1,"162":1,"164":1,"166":1,"258":1,"259":1,"271":1,"274":6,"275":6,"277":1,"279":2,"281":1,"283":2,"288":1,"289":1,"291":1,"296":1,"303":1,"306":1,"307":1,"310":1,"311":1,"313":1,"314":1,"315":1,"316":1,"317":1,"318":1,"319":1,"321":1,"322":1,"324":1}},"/home/travis/build/npmtest/node-npmtest-opensubtitles-api/node_modules/opensubtitles-api/index.js":{"path":"/home/travis/build/npmtest/node-npmtest-opensubtitles-api/node_modules/opensubtitles-api/index.js","s":{"1":1,"2":1,"3":1,"4":1,"5":1,"6":1,"7":0,"8":0,"9":0,"10":0,"11":0,"12":0,"13":0,"14":0,"15":0,"16":0,"17":0,"18":0,"19":0,"20":0,"21":0,"22":0,"23":0,"24":0,"25":0,"26":0,"27":0,"28":0,"29":0,"30":0,"31":0,"32":0,"33":0,"34":0,"35":0,"36":0,"37":0,"38":0,"39":0,"40":0,"41":0,"42":0,"43":0,"44":0,"45":0,"46":0,"47":0,"48":0,"49":0,"50":0,"51":0,"52":0,"53":0,"54":0,"55":0,"56":0,"57":0,"58":0,"59":0,"60":0,"61":0,"62":0,"63":0,"64":0,"65":0,"66":0,"67":0,"68":0,"69":0},"b":{"1":[0,0],"2":[0,0,0],"3":[0,0],"4":[0,0],"5":[0,0],"6":[0,0],"7":[0,0],"8":[0,0],"9":[0,0,0],"10":[0,0],"11":[0,0],"12":[0,0],"13":[0,0],"14":[0,0],"15":[0,0],"16":[0,0],"17":[0,0],"18":[0,0],"19":[0,0],"20":[0,0],"21":[0,0],"22":[0,0],"23":[0,0],"24":[0,0],"25":[0,0],"26":[0,0,0],"27":[0,0]},"f":{"1":0,"2":0,"3":0,"4":0,"5":0,"6":0,"7":0},"fnMap":{"1":{"name":"(anonymous_1)","line":19,"loc":{"start":{"line":19,"column":15},"end":{"line":19,"column":23}}},"2":{"name":"(anonymous_2)","line":37,"loc":{"start":{"line":37,"column":9},"end":{"line":37,"column":12}}},"3":{"name":"(anonymous_3)","line":79,"loc":{"start":{"line":79,"column":10},"end":{"line":79,"column":17}}},"4":{"name":"(anonymous_4)","line":112,"loc":{"start":{"line":112,"column":10},"end":{"line":112,"column":21}}},"5":{"name":"(anonymous_5)","line":144,"loc":{"start":{"line":144,"column":8},"end":{"line":144,"column":15}}},"6":{"name":"(anonymous_6)","line":157,"loc":{"start":{"line":157,"column":12},"end":{"line":157,"column":20}}},"7":{"name":"(anonymous_7)","line":197,"loc":{"start":{"line":197,"column":7},"end":{"line":197,"column":14}}}},"statementMap":{"1":{"start":{"line":1,"column":0},"end":{"line":1,"column":44}},"2":{"start":{"line":2,"column":0},"end":{"line":2,"column":40}},"3":{"start":{"line":3,"column":0},"end":{"line":3,"column":44}},"4":{"start":{"line":4,"column":0},"end":{"line":4,"column":44}},"5":{"start":{"line":5,"column":0},"end":{"line":5,"column":42}},"6":{"start":{"line":7,"column":0},"end":{"line":201,"column":1}},"7":{"start":{"line":20,"column":8},"end":{"line":20,"column":103}},"8":{"start":{"line":20,"column":71},"end":{"line":20,"column":103}},"9":{"start":{"line":22,"column":8},"end":{"line":28,"column":9}},"10":{"start":{"line":30,"column":8},"end":{"line":30,"column":52}},"11":{"start":{"line":38,"column":8},"end":{"line":43,"column":9}},"12":{"start":{"line":39,"column":12},"end":{"line":42,"column":14}},"13":{"start":{"line":45,"column":8},"end":{"line":59,"column":10}},"14":{"start":{"line":46,"column":12},"end":{"line":55,"column":13}},"15":{"start":{"line":47,"column":16},"end":{"line":47,"column":65}},"16":{"start":{"line":48,"column":16},"end":{"line":48,"column":62}},"17":{"start":{"line":49,"column":16},"end":{"line":49,"column":75}},"18":{"start":{"line":50,"column":16},"end":{"line":50,"column":57}},"19":{"start":{"line":51,"column":16},"end":{"line":54,"column":17}},"20":{"start":{"line":57,"column":12},"end":{"line":57,"column":74}},"21":{"start":{"line":58,"column":12},"end":{"line":58,"column":65}},"22":{"start":{"line":80,"column":8},"end":{"line":80,"column":26}},"23":{"start":{"line":82,"column":8},"end":{"line":90,"column":55}},"24":{"start":{"line":83,"column":24},"end":{"line":83,"column":58}},"25":{"start":{"line":85,"column":16},"end":{"line":87,"column":19}},"26":{"start":{"line":86,"column":20},"end":{"line":86,"column":136}},"27":{"start":{"line":86,"column":104},"end":{"line":86,"column":135}},"28":{"start":{"line":89,"column":24},"end":{"line":89,"column":58}},"29":{"start":{"line":90,"column":26},"end":{"line":90,"column":54}},"30":{"start":{"line":113,"column":8},"end":{"line":137,"column":10}},"31":{"start":{"line":114,"column":12},"end":{"line":114,"column":42}},"32":{"start":{"line":116,"column":12},"end":{"line":136,"column":32}},"33":{"start":{"line":117,"column":28},"end":{"line":117,"column":61}},"34":{"start":{"line":119,"column":20},"end":{"line":119,"column":50}},"35":{"start":{"line":120,"column":20},"end":{"line":120,"column":95}},"36":{"start":{"line":123,"column":20},"end":{"line":128,"column":21}},"37":{"start":{"line":124,"column":24},"end":{"line":124,"column":41}},"38":{"start":{"line":126,"column":24},"end":{"line":126,"column":66}},"39":{"start":{"line":127,"column":24},"end":{"line":127,"column":81}},"40":{"start":{"line":132,"column":37},"end":{"line":132,"column":105}},"41":{"start":{"line":134,"column":20},"end":{"line":134,"column":148}},"42":{"start":{"line":134,"column":85},"end":{"line":134,"column":148}},"43":{"start":{"line":135,"column":20},"end":{"line":135,"column":37}},"44":{"start":{"line":145,"column":8},"end":{"line":145,"column":46}},"45":{"start":{"line":145,"column":19},"end":{"line":145,"column":46}},"46":{"start":{"line":146,"column":8},"end":{"line":146,"column":40}},"47":{"start":{"line":158,"column":8},"end":{"line":158,"column":62}},"48":{"start":{"line":158,"column":35},"end":{"line":158,"column":62}},"49":{"start":{"line":159,"column":8},"end":{"line":159,"column":46}},"50":{"start":{"line":159,"column":25},"end":{"line":159,"column":46}},"51":{"start":{"line":161,"column":8},"end":{"line":190,"column":14}},"52":{"start":{"line":162,"column":24},"end":{"line":162,"column":52}},"53":{"start":{"line":164,"column":16},"end":{"line":164,"column":48}},"54":{"start":{"line":165,"column":16},"end":{"line":165,"column":56}},"55":{"start":{"line":166,"column":16},"end":{"line":166,"column":96}},"56":{"start":{"line":169,"column":16},"end":{"line":169,"column":142}},"57":{"start":{"line":169,"column":81},"end":{"line":169,"column":142}},"58":{"start":{"line":171,"column":16},"end":{"line":171,"column":66}},"59":{"start":{"line":172,"column":16},"end":{"line":181,"column":17}},"60":{"start":{"line":173,"column":20},"end":{"line":178,"column":23}},"61":{"start":{"line":180,"column":20},"end":{"line":180,"column":35}},"62":{"start":{"line":183,"column":30},"end":{"line":183,"column":66}},"63":{"start":{"line":185,"column":16},"end":{"line":189,"column":17}},"64":{"start":{"line":186,"column":20},"end":{"line":186,"column":163}},"65":{"start":{"line":186,"column":139},"end":{"line":186,"column":162}},"66":{"start":{"line":188,"column":20},"end":{"line":188,"column":31}},"67":{"start":{"line":198,"column":8},"end":{"line":198,"column":46}},"68":{"start":{"line":198,"column":19},"end":{"line":198,"column":46}},"69":{"start":{"line":199,"column":8},"end":{"line":199,"column":39}}},"branchMap":{"1":{"line":20,"type":"if","locations":[{"start":{"line":20,"column":8},"end":{"line":20,"column":8}},{"start":{"line":20,"column":8},"end":{"line":20,"column":8}}]},"2":{"line":20,"type":"binary-expr","locations":[{"start":{"line":20,"column":12},"end":{"line":20,"column":18}},{"start":{"line":20,"column":23},"end":{"line":20,"column":48}},{"start":{"line":20,"column":52},"end":{"line":20,"column":68}}]},"3":{"line":23,"type":"binary-expr","locations":[{"start":{"line":23,"column":22},"end":{"line":23,"column":36}},{"start":{"line":23,"column":40},"end":{"line":23,"column":48}}]},"4":{"line":24,"type":"binary-expr","locations":[{"start":{"line":24,"column":22},"end":{"line":24,"column":36}},{"start":{"line":24,"column":40},"end":{"line":24,"column":48}}]},"5":{"line":25,"type":"binary-expr","locations":[{"start":{"line":25,"column":23},"end":{"line":25,"column":38}},{"start":{"line":25,"column":42},"end":{"line":25,"column":47}}]},"6":{"line":38,"type":"if","locations":[{"start":{"line":38,"column":8},"end":{"line":38,"column":8}},{"start":{"line":38,"column":8},"end":{"line":38,"column":8}}]},"7":{"line":38,"type":"binary-expr","locations":[{"start":{"line":38,"column":12},"end":{"line":38,"column":73}},{"start":{"line":38,"column":77},"end":{"line":38,"column":117}}]},"8":{"line":46,"type":"if","locations":[{"start":{"line":46,"column":12},"end":{"line":46,"column":12}},{"start":{"line":46,"column":12},"end":{"line":46,"column":12}}]},"9":{"line":46,"type":"binary-expr","locations":[{"start":{"line":46,"column":16},"end":{"line":46,"column":30}},{"start":{"line":46,"column":35},"end":{"line":46,"column":50}},{"start":{"line":46,"column":54},"end":{"line":46,"column":82}}]},"10":{"line":58,"type":"binary-expr","locations":[{"start":{"line":58,"column":24},"end":{"line":58,"column":39}},{"start":{"line":58,"column":43},"end":{"line":58,"column":64}}]},"11":{"line":123,"type":"if","locations":[{"start":{"line":123,"column":20},"end":{"line":123,"column":20}},{"start":{"line":123,"column":20},"end":{"line":123,"column":20}}]},"12":{"line":134,"type":"if","locations":[{"start":{"line":134,"column":20},"end":{"line":134,"column":20}},{"start":{"line":134,"column":20},"end":{"line":134,"column":20}}]},"13":{"line":134,"type":"binary-expr","locations":[{"start":{"line":134,"column":24},"end":{"line":134,"column":50}},{"start":{"line":134,"column":54},"end":{"line":134,"column":83}}]},"14":{"line":134,"type":"binary-expr","locations":[{"start":{"line":134,"column":97},"end":{"line":134,"column":112}},{"start":{"line":134,"column":116},"end":{"line":134,"column":147}}]},"15":{"line":145,"type":"if","locations":[{"start":{"line":145,"column":8},"end":{"line":145,"column":8}},{"start":{"line":145,"column":8},"end":{"line":145,"column":8}}]},"16":{"line":158,"type":"if","locations":[{"start":{"line":158,"column":8},"end":{"line":158,"column":8}},{"start":{"line":158,"column":8},"end":{"line":158,"column":8}}]},"17":{"line":158,"type":"binary-expr","locations":[{"start":{"line":158,"column":12},"end":{"line":158,"column":18}},{"start":{"line":158,"column":22},"end":{"line":158,"column":33}}]},"18":{"line":159,"type":"if","locations":[{"start":{"line":159,"column":8},"end":{"line":159,"column":8}},{"start":{"line":159,"column":8},"end":{"line":159,"column":8}}]},"19":{"line":169,"type":"if","locations":[{"start":{"line":169,"column":16},"end":{"line":169,"column":16}},{"start":{"line":169,"column":16},"end":{"line":169,"column":16}}]},"20":{"line":169,"type":"binary-expr","locations":[{"start":{"line":169,"column":20},"end":{"line":169,"column":46}},{"start":{"line":169,"column":50},"end":{"line":169,"column":79}}]},"21":{"line":169,"type":"binary-expr","locations":[{"start":{"line":169,"column":93},"end":{"line":169,"column":108}},{"start":{"line":169,"column":112},"end":{"line":169,"column":141}}]},"22":{"line":171,"type":"binary-expr","locations":[{"start":{"line":171,"column":27},"end":{"line":171,"column":37}},{"start":{"line":171,"column":41},"end":{"line":171,"column":66}}]},"23":{"line":172,"type":"if","locations":[{"start":{"line":172,"column":16},"end":{"line":172,"column":16}},{"start":{"line":172,"column":16},"end":{"line":172,"column":16}}]},"24":{"line":172,"type":"binary-expr","locations":[{"start":{"line":172,"column":20},"end":{"line":172,"column":63}},{"start":{"line":172,"column":67},"end":{"line":172,"column":69}}]},"25":{"line":185,"type":"if","locations":[{"start":{"line":185,"column":16},"end":{"line":185,"column":16}},{"start":{"line":185,"column":16},"end":{"line":185,"column":16}}]},"26":{"line":185,"type":"binary-expr","locations":[{"start":{"line":185,"column":20},"end":{"line":185,"column":33}},{"start":{"line":185,"column":37},"end":{"line":185,"column":57}},{"start":{"line":185,"column":61},"end":{"line":185,"column":73}}]},"27":{"line":198,"type":"if","locations":[{"start":{"line":198,"column":8},"end":{"line":198,"column":8}},{"start":{"line":198,"column":8},"end":{"line":198,"column":8}}]}},"code":["const OS = require('./lib/opensubtitles.js')","const libhash = require('./lib/hash.js')","const libsearch = require('./lib/search.js')","const libupload = require('./lib/upload.js')","const libid = require('./lib/identify.js')","","module.exports = class OpenSubtitles {","","    /**","     * Construct the module's skeleton","     * @param {Object}|{String} creds - the required information to use OpenSubtitles, can be simply the UA","     *","     * @param {String}          creds.useragent - mandatory, the OpenSubtitles User Agent","     * @param {String}          creds.endpoint - optionnal, the endpoint to use.","     * @param {Boolean}         creds.ssl - optionnal, set to true to use https.","     * @param {String}          creds.username - optionnal, the username of a specific user","     * @param {String}          creds.password - optionnal, the password of a specific user (can be MD5)","     */","    constructor(creds) {","        if (!creds || (typeof creds === 'object' && !creds.useragent)) throw Error('Missing useragent')","","        this.credentials = {","            username: creds.username || String(),","            password: creds.password || String(),","            useragent: creds.useragent || creds,","            status: Object(),","            userinfo: Object()","        }","","        this.api = new OS(creds.endpoint, creds.ssl)","    }","","","    /**","     * Log-in as user or anonymously, returns a token","     */","    login() {","        if (this.credentials.status.auth_as === this.credentials.username && this.credentials.status.ttl > Date.now()) {","            return Promise.resolve({","                token: this.credentials.status.token,","                userinfo: this.credentials.userinfo","            })","        }","","        return this.api.LogIn(this.credentials.username, this.credentials.password, 'en', this.credentials.useragent).then(response => {","            if (response.token && (response.status && response.status.match(/200/))) {","                this.credentials.status.ttl = Date.now() + 895000 // ~15 min","                this.credentials.status.token = response.token","                this.credentials.status.auth_as = this.credentials.username","                this.credentials.userinfo = response.data","                return {","                    token: response.token,","                    userinfo: response.data","                }","            }","","            this.credentials.status = this.credentials.userinfo = Object()","            throw Error(response.status || 'LogIn unknown error')","        })","    }","","    /**","     * Search for subtitles","     * @param {Object}          info - information about the video to be subtitled","     *","     * @param {String}|{Array}  info.extensions - Accepted extensions, defaults to 'srt' (values: srt, sub, smi, txt, ssa, ass, mpl)","     * @param {String}|{Array}  info.sublanguageid - Desired subtitle lang, ISO639-3 langcode, defaults to 'all'","     * @param {String}          info.hash - Size + 64bit checksum of the first and last 64k","     * @param {String}          info.path - Absolute path to the video file, it allows to automatically calculate 'hash'","     * @param {String}|{Int}    info.filesize - Total size, in bytes","     * @param {String}          info.filename - The video file name. Better if extension is included","     * @param {String}|{Int}    info.season - If TV Episode","     * @param {String}|{Int}    info.episode - If TV Episode","     * @param {String}|{Int}    info.imdbid - IMDB id with or without leading 'tt'","     * @param {String}|{Int}    info.fps - Number of frames per sec in the video","     * @param {String}          info.query - Text-based query, this is not recommended","     * @param {String}|{Int}    info.limit - Number of subtitles to return for each language, can be 'best', 'all' or an arbitrary number. Defaults to 'best'","     */","    search(info) {","        let subs = Array()","","        return this.login()","            .then(() => libsearch.optimizeQueryTerms(info))","            .then(optimizedQT => {","                return Promise.all(optimizedQT.map(op => {","                    return this.api.SearchSubtitles(this.credentials.status.token, [op]).then(result => subs = subs.concat(result.data))","                }))","            })","            .then(() => libsearch.optimizeSubs(subs, info))","            .then(list => libsearch.filter(list, info))","    }","","    /**","     * Upload a subtitle","     * @param {Object}          subtitle - information about the video to be subtitled","     *","     * @param {String}          subtitle.path - Mandatory, absolute path to the video file","     * @param {String}          subtitle.subpath - Mandatory, absolute path to the subtitle file","     * @param {String}|{Int}    subtitle.imdbid - Recommended, IMDB id with or without leading 'tt'","     * @param {String}          subtitle.sublanguageid - Optionnal, subtitle lang, ISO639-3 langcode (autodetected upstream)","     * @param {String}          subtitle.moviereleasename - Optionnal, the release tag/name","     * @param {String}          subtitle.movieaka - Optionnal, alternative title","     * @param {String}|{Int}    subtitle.moviefps - Optionnal, number of frames per sec","     * @param {String}|{Int}    subtitle.movieframes - Optionnal, total number of frames","     * @param {String}|{Int}    subtitle.movietimems - Optionnal, total time in milliseconds","     * @param {String}|{Boolean}subtitle.highdefinition - Optionnal, is the video more than 720p? '1' or '0', true or false","     * @param {String}|{Boolean}subtitle.hearingimpaired - Optionnal, does the subtitle have descriptions for every sound? '1' or '0', true or false","     * @param {String}|{Boolean}subtitle.automatictranslation - Optionnal, is the subtitle machine-translated? '1' or '0', true or false","     * @param {String}          subtitle.subauthorcomment - Optionnal, commentary for the uploaded subtitle","     * @param {String}          subtitle.subtranslator - Optionnal, person who translated the subtitles","     */","    upload(subtitle) {","        return new Promise((resolve, reject) => {","            let persistent_data = Object()","","            this.login()","                .then(() => libupload.createTryData(subtitle))","                .then(tryArray => {","                    persistent_data = tryArray.cd1","                    return this.api.TryUploadSubtitles(this.credentials.status.token, tryArray)","                })","                .then(response => {","                    if (response.alreadyindb === 1) {","                        resolve(response) // it exists, don't go further","                    } else {","                        persistent_data.subpath = subtitle.subpath // inject subpath","                        return libupload.parseResponse(response, persistent_data)","                    }","                })","                .then(libupload.createContent)","                .then(libupload.arrangeUploadData)","                .then(uploadArray => this.api.UploadSubtitles(this.credentials.status.token, uploadArray))","                .then(response => {","                    if (response.data === String() || !response.status.match(/200/)) throw Error(response.status || 'UploadSubtitles unknown error')","                    resolve(response)","                }).catch(reject)","        })","    }","","    /**","     * Extract Movie Hash & Movie Bytes Size from a video","     * @param {String}          path - Mandatory, absolute path to a video file","     */","    hash(path) {","        if (!path) throw Error('Missing path')","        return libhash.computeHash(path)","    }","","    /**","     * Movie identification service, get imdb information, send moviehashes","     * @param {Object}          ","     * ","     * @param {String}          path - Mandatory, absolute path to a video file","     * @param {String}          imdb - Optionnal, matching imdb id","     * @param {Boolean}         extend - Optionnal, fetches metadata from OpenSubtitles","     */","    identify(query) {","        if (!query && !query.path) throw Error('Missing path')","        if (!query.path) query = {path: query}","","        return this.login()","            .then(() => this.extractInfo(query.path))","            .then(info => {","                query.moviehash = info.moviehash","                query.moviebytesize = info.moviebytesize","                return this.api.CheckMovieHash(this.credentials.status.token, [query.moviehash])","            })","            .then(response => {","                if (response.data === String() || !response.status.match(/200/)) throw Error(response.status || 'OpenSubtitles unknown error')","","                const id = query.imdb || libid.readNFO(query.path)","                if (response.data[query.moviehash].length === 0 && id) {","                    return this.api.InsertMovieHash(this.credentials.status.token, [{","                        moviehash: query.moviehash,","                        moviebytesize: query.moviebytesize,","                        imdbid: id.replace('tt', ''),","                        moviefilename: require('path').basename(query.path)","                    }])","                } else {","                    return response","                }","            })","            .then(response => libid.parseResponse(response, query))","            .then(data => {","                if (data.metadata && data.metadata.imdbid && query.extend) {","                    return this.api.GetIMDBMovieDetails(this.credentials.status.token, data.metadata.imdbid.replace('tt', '')).then(ext => libid.extend(data, ext))","                } else {","                    return data","                }","            })","    }","","    /**","     * Extract md5 hash from a subtitle file","     * @param {String}          path - Mandatory, absolute path to a subtitle file","     */","    md5(path) {","        if (!path) throw Error('Missing path')","        return libhash.computeMD5(path)","    }","}"],"l":{"1":1,"2":1,"3":1,"4":1,"5":1,"7":1,"20":0,"22":0,"30":0,"38":0,"39":0,"45":0,"46":0,"47":0,"48":0,"49":0,"50":0,"51":0,"57":0,"58":0,"80":0,"82":0,"83":0,"85":0,"86":0,"89":0,"90":0,"113":0,"114":0,"116":0,"117":0,"119":0,"120":0,"123":0,"124":0,"126":0,"127":0,"132":0,"134":0,"135":0,"145":0,"146":0,"158":0,"159":0,"161":0,"162":0,"164":0,"165":0,"166":0,"169":0,"171":0,"172":0,"173":0,"180":0,"183":0,"185":0,"186":0,"188":0,"198":0,"199":0}},"/home/travis/build/npmtest/node-npmtest-opensubtitles-api/node_modules/opensubtitles-api/lib/opensubtitles.js":{"path":"/home/travis/build/npmtest/node-npmtest-opensubtitles-api/node_modules/opensubtitles-api/lib/opensubtitles.js","s":{"1":1,"2":1,"3":1,"4":1,"5":1,"6":1,"7":0,"8":0,"9":0,"10":0,"11":0,"12":0,"13":0,"14":0,"15":0,"16":0,"17":0,"18":0,"19":0,"20":0,"21":0,"22":0,"23":0,"24":0,"25":0,"26":0,"27":0,"28":0,"29":0,"30":0,"31":0,"32":0,"33":0,"34":0,"35":0,"36":0,"37":0,"38":0,"39":0,"40":0,"41":0,"42":0,"43":0,"44":0,"45":0,"46":0,"47":0,"48":0,"49":0,"50":0,"51":0,"52":0},"b":{"1":[0,0],"2":[0,0],"3":[0,0],"4":[0,0],"5":[0,0],"6":[0,0,0],"7":[0,0]},"f":{"1":0,"2":0,"3":0,"4":0,"5":0,"6":0,"7":0,"8":0,"9":0,"10":0,"11":0,"12":0,"13":0,"14":0,"15":0,"16":0,"17":0,"18":0,"19":0,"20":0,"21":0,"22":0,"23":0,"24":0,"25":0,"26":0,"27":0,"28":0,"29":0,"30":0,"31":0,"32":0,"33":0,"34":0,"35":0,"36":0},"fnMap":{"1":{"name":"(anonymous_1)","line":9,"loc":{"start":{"line":9,"column":15},"end":{"line":9,"column":31}}},"2":{"name":"(anonymous_2)","line":27,"loc":{"start":{"line":27,"column":15},"end":{"line":27,"column":23}}},"3":{"name":"(anonymous_3)","line":32,"loc":{"start":{"line":32,"column":8},"end":{"line":32,"column":23}}},"4":{"name":"(anonymous_4)","line":41,"loc":{"start":{"line":41,"column":9},"end":{"line":41,"column":51}}},"5":{"name":"(anonymous_5)","line":44,"loc":{"start":{"line":44,"column":10},"end":{"line":44,"column":18}}},"6":{"name":"(anonymous_6)","line":47,"loc":{"start":{"line":47,"column":19},"end":{"line":47,"column":42}}},"7":{"name":"(anonymous_7)","line":50,"loc":{"start":{"line":50,"column":16},"end":{"line":50,"column":51}}},"8":{"name":"(anonymous_8)","line":53,"loc":{"start":{"line":53,"column":16},"end":{"line":53,"column":41}}},"9":{"name":"(anonymous_9)","line":56,"loc":{"start":{"line":56,"column":18},"end":{"line":56,"column":45}}},"10":{"name":"(anonymous_10)","line":59,"loc":{"start":{"line":59,"column":19},"end":{"line":59,"column":46}}},"11":{"name":"(anonymous_11)","line":62,"loc":{"start":{"line":62,"column":19},"end":{"line":62,"column":46}}},"12":{"name":"(anonymous_12)","line":65,"loc":{"start":{"line":65,"column":22},"end":{"line":65,"column":41}}},"13":{"name":"(anonymous_13)","line":68,"loc":{"start":{"line":68,"column":19},"end":{"line":68,"column":38}}},"14":{"name":"(anonymous_14)","line":71,"loc":{"start":{"line":71,"column":18},"end":{"line":71,"column":39}}},"15":{"name":"(anonymous_15)","line":74,"loc":{"start":{"line":74,"column":21},"end":{"line":74,"column":42}}},"16":{"name":"(anonymous_16)","line":77,"loc":{"start":{"line":77,"column":24},"end":{"line":77,"column":48}}},"17":{"name":"(anonymous_17)","line":80,"loc":{"start":{"line":80,"column":24},"end":{"line":80,"column":45}}},"18":{"name":"(anonymous_18)","line":83,"loc":{"start":{"line":83,"column":19},"end":{"line":83,"column":30}}},"19":{"name":"(anonymous_19)","line":86,"loc":{"start":{"line":86,"column":28},"end":{"line":86,"column":45}}},"20":{"name":"(anonymous_20)","line":89,"loc":{"start":{"line":89,"column":18},"end":{"line":89,"column":51}}},"21":{"name":"(anonymous_21)","line":92,"loc":{"start":{"line":92,"column":15},"end":{"line":92,"column":23}}},"22":{"name":"(anonymous_22)","line":95,"loc":{"start":{"line":95,"column":22},"end":{"line":95,"column":37}}},"23":{"name":"(anonymous_23)","line":98,"loc":{"start":{"line":98,"column":24},"end":{"line":98,"column":46}}},"24":{"name":"(anonymous_24)","line":102,"loc":{"start":{"line":102,"column":23},"end":{"line":102,"column":39}}},"25":{"name":"(anonymous_25)","line":105,"loc":{"start":{"line":105,"column":15},"end":{"line":105,"column":36}}},"26":{"name":"(anonymous_26)","line":108,"loc":{"start":{"line":108,"column":17},"end":{"line":108,"column":37}}},"27":{"name":"(anonymous_27)","line":111,"loc":{"start":{"line":111,"column":15},"end":{"line":111,"column":37}}},"28":{"name":"(anonymous_28)","line":114,"loc":{"start":{"line":114,"column":14},"end":{"line":114,"column":38}}},"29":{"name":"(anonymous_29)","line":117,"loc":{"start":{"line":117,"column":14},"end":{"line":117,"column":37}}},"30":{"name":"(anonymous_30)","line":120,"loc":{"start":{"line":120,"column":19},"end":{"line":120,"column":32}}},"31":{"name":"(anonymous_31)","line":123,"loc":{"start":{"line":123,"column":19},"end":{"line":123,"column":40}}},"32":{"name":"(anonymous_32)","line":126,"loc":{"start":{"line":126,"column":14},"end":{"line":126,"column":29}}},"33":{"name":"(anonymous_33)","line":129,"loc":{"start":{"line":129,"column":16},"end":{"line":129,"column":37}}},"34":{"name":"(anonymous_34)","line":132,"loc":{"start":{"line":132,"column":16},"end":{"line":132,"column":44}}},"35":{"name":"(anonymous_35)","line":135,"loc":{"start":{"line":135,"column":15},"end":{"line":135,"column":23}}},"36":{"name":"(anonymous_36)","line":138,"loc":{"start":{"line":138,"column":14},"end":{"line":138,"column":17}}}},"statementMap":{"1":{"start":{"line":1,"column":0},"end":{"line":1,"column":32}},"2":{"start":{"line":2,"column":0},"end":{"line":2,"column":30}},"3":{"start":{"line":4,"column":0},"end":{"line":4,"column":40}},"4":{"start":{"line":5,"column":0},"end":{"line":5,"column":53}},"5":{"start":{"line":6,"column":0},"end":{"line":6,"column":59}},"6":{"start":{"line":8,"column":0},"end":{"line":141,"column":1}},"7":{"start":{"line":10,"column":8},"end":{"line":10,"column":52}},"8":{"start":{"line":11,"column":8},"end":{"line":11,"column":53}},"9":{"start":{"line":12,"column":8},"end":{"line":12,"column":37}},"10":{"start":{"line":13,"column":8},"end":{"line":13,"column":47}},"11":{"start":{"line":15,"column":8},"end":{"line":22,"column":9}},"12":{"start":{"line":24,"column":8},"end":{"line":24,"column":90}},"13":{"start":{"line":28,"column":8},"end":{"line":28,"column":110}},"14":{"start":{"line":29,"column":8},"end":{"line":29,"column":20}},"15":{"start":{"line":33,"column":8},"end":{"line":38,"column":10}},"16":{"start":{"line":34,"column":12},"end":{"line":37,"column":14}},"17":{"start":{"line":35,"column":16},"end":{"line":35,"column":61}},"18":{"start":{"line":35,"column":25},"end":{"line":35,"column":61}},"19":{"start":{"line":36,"column":16},"end":{"line":36,"column":29}},"20":{"start":{"line":42,"column":8},"end":{"line":42,"column":44}},"21":{"start":{"line":45,"column":8},"end":{"line":45,"column":45}},"22":{"start":{"line":48,"column":8},"end":{"line":48,"column":54}},"23":{"start":{"line":51,"column":8},"end":{"line":51,"column":51}},"24":{"start":{"line":54,"column":8},"end":{"line":54,"column":51}},"25":{"start":{"line":57,"column":8},"end":{"line":57,"column":53}},"26":{"start":{"line":60,"column":8},"end":{"line":60,"column":54}},"27":{"start":{"line":63,"column":8},"end":{"line":63,"column":54}},"28":{"start":{"line":66,"column":8},"end":{"line":66,"column":57}},"29":{"start":{"line":69,"column":8},"end":{"line":69,"column":54}},"30":{"start":{"line":72,"column":8},"end":{"line":72,"column":53}},"31":{"start":{"line":75,"column":8},"end":{"line":75,"column":56}},"32":{"start":{"line":78,"column":8},"end":{"line":78,"column":59}},"33":{"start":{"line":81,"column":8},"end":{"line":81,"column":59}},"34":{"start":{"line":84,"column":8},"end":{"line":84,"column":54}},"35":{"start":{"line":87,"column":8},"end":{"line":87,"column":63}},"36":{"start":{"line":90,"column":8},"end":{"line":90,"column":53}},"37":{"start":{"line":93,"column":8},"end":{"line":93,"column":50}},"38":{"start":{"line":96,"column":8},"end":{"
[...]
nslation) obj.automatictranslation = isNaN(parseInt(input.automatictranslation)) ? input.automatictranslation ? '1' : '0' : input.automatictranslation.toString()","            if (input.foreignpartsonly) obj.foreignpartsonly = isNaN(parseInt(input.foreignpartsonly)) ? input.foreignpartsonly ? '1' : '0' : input.foreignpartsonly.toString()","","            return obj","        }","","        // mandatory: subhash (md5 of subtitles), subfilename, moviehash, moviebytesize, moviefilename","        return checkMovie()","            .then(checkSub)","            .then(injectInput)","            .then(data => ({cd1: data}))","    }","","    // Create a valid object for Upload","    arrangeUploadData(input) {","        let baseinfo = Object()","","        if (input.idmovieimdb) baseinfo.idmovieimdb = input.idmovieimdb.toString()","        if (input.sublanguageid) baseinfo.sublanguageid = input.sublanguageid","        if (input.automatictranslation) baseinfo.automatictranslation = input.automatictranslation","        if (input.subauthorcomment) baseinfo.subauthorcomment = input.subauthorcomment","        if (input.subtranslator) baseinfo.subtranslator = input.subtranslator","        if (input.highdefinition) baseinfo.highdefinition = input.highdefinition","        if (input.releasename) baseinfo.moviereleasename = input.releasename","        if (input.aka) baseinfo.movieaka = input.movieaka","        if (input.hearingimpaired) baseinfo.hearingimpaired = input.hearingimpaired","","        let cd1 = {","            subhash: input.subhash,","            subfilename: input.subfilename,","            subcontent: input.subcontent","        }","","        if (input.moviebytesize) cd1.moviebytesize = input.moviebytesize.toString()","        if (input.moviehash) cd1.moviehash = input.moviehash","        if (input.moviefilename) cd1.moviefilename = input.moviefilename","        if (input.moviefps) cd1.moviefps = input.moviefps","        if (input.movieframes) cd1.movieframes = input.movieframes.toString()","        if (input.movietimems) cd1.movietimems = input.movietimems.toString()","","        return {","            baseinfo: baseinfo,","            cd1: cd1","        }","    }","","    // Read subfile content","    createContent(input) {","        return libhash.computeSubContent(input.subpath).then(base64 => {","            delete input.subpath","            input.subcontent = base64","            return input","        })","    }","","    // Analyze TryUploadSubtitles response and behave in function","    parseResponse(response, input) {","        if (response.data && response.data[0]) { // response","            if (response.data[0].IDMovieImdb) { // response & response.imdb","                input.idmovieimdb = response.data[0].IDMovieImdb","                return input","            } else { // response & no reponse.imdb","                if (input.idmovieimdb) { // response & no response.imdb but input.imdb","                    return input","                } else { // response & no response.imdb & no input.imdb","                    throw Error('Matching IMDB ID cannot be found')","                }","            }","        } else { // no response","            if (input.idmovieimdb) { // no response but input.imdb","                return input","            } else { // no response & no input.imdb","                throw Error('Matching IMDB ID cannot be found')","            }","        }","    }","}"],"l":{"1":1,"2":1,"4":1,"9":0,"10":0,"12":0,"13":0,"14":0,"15":0,"19":0,"20":0,"22":0,"23":0,"24":0,"25":0,"29":0,"30":0,"31":0,"32":0,"33":0,"34":0,"35":0,"36":0,"37":0,"38":0,"39":0,"40":0,"41":0,"42":0,"44":0,"48":0,"51":0,"56":0,"58":0,"59":0,"60":0,"61":0,"62":0,"63":0,"64":0,"65":0,"66":0,"68":0,"74":0,"75":0,"76":0,"77":0,"78":0,"79":0,"81":0,"89":0,"90":0,"91":0,"92":0,"98":0,"99":0,"100":0,"101":0,"103":0,"104":0,"106":0,"110":0,"111":0,"113":0}},"/home/travis/build/npmtest/node-npmtest-opensubtitles-api/node_modules/opensubtitles-api/lib/identify.js":{"path":"/home/travis/build/npmtest/node-npmtest-opensubtitles-api/node_modules/opensubtitles-api/lib/identify.js","s":{"1":1,"2":1,"3":1,"4":1,"5":0,"6":0,"7":0,"8":0,"9":0,"10":0,"11":0,"12":0,"13":0,"14":0,"15":0,"16":0,"17":0,"18":0,"19":0,"20":0,"21":0,"22":0,"23":0,"24":0,"25":0,"26":0,"27":0,"28":0,"29":0,"30":0,"31":0,"32":0,"33":0,"34":0,"35":0,"36":0,"37":0,"38":0,"39":0,"40":0,"41":0,"42":0,"43":0,"44":0,"45":0,"46":0,"47":0,"48":0,"49":0,"50":0,"51":0,"52":0,"53":0,"54":0,"55":0,"56":0,"57":0,"58":0},"b":{"1":[0,0],"2":[0,0],"3":[0,0],"4":[0,0],"5":[0,0],"6":[0,0],"7":[0,0],"8":[0,0],"9":[0,0],"10":[0,0],"11":[0,0],"12":[0,0],"13":[0,0],"14":[0,0],"15":[0,0],"16":[0,0],"17":[0,0],"18":[0,0],"19":[0,0],"20":[0,0],"21":[0,0],"22":[0,0],"23":[0,0],"24":[0,0],"25":[0,0],"26":[0,0],"27":[0,0],"28":[0,0],"29":[0,0],"30":[0,0],"31":[0,0],"32":[0,0]},"f":{"1":0,"2":0,"3":0},"fnMap":{"1":{"name":"(anonymous_1)","line":7,"loc":{"start":{"line":7,"column":11},"end":{"line":7,"column":18}}},"2":{"name":"(anonymous_2)","line":26,"loc":{"start":{"line":26,"column":17},"end":{"line":26,"column":34}}},"3":{"name":"(anonymous_3)","line":66,"loc":{"start":{"line":66,"column":10},"end":{"line":66,"column":27}}}},"statementMap":{"1":{"start":{"line":1,"column":0},"end":{"line":1,"column":36}},"2":{"start":{"line":3,"column":0},"end":{"line":3,"column":28}},"3":{"start":{"line":4,"column":0},"end":{"line":4,"column":24}},"4":{"start":{"line":6,"column":0},"end":{"line":101,"column":1}},"5":{"start":{"line":8,"column":8},"end":{"line":8,"column":32}},"6":{"start":{"line":9,"column":8},"end":{"line":9,"column":51}},"7":{"start":{"line":10,"column":8},"end":{"line":10,"column":22}},"8":{"start":{"line":12,"column":8},"end":{"line":19,"column":9}},"9":{"start":{"line":13,"column":12},"end":{"line":18,"column":13}},"10":{"start":{"line":14,"column":16},"end":{"line":17,"column":17}},"11":{"start":{"line":15,"column":20},"end":{"line":15,"column":45}},"12":{"start":{"line":16,"column":20},"end":{"line":16,"column":25}},"13":{"start":{"line":21,"column":8},"end":{"line":21,"column":68}},"14":{"start":{"line":22,"column":8},"end":{"line":22,"column":53}},"15":{"start":{"line":27,"column":8},"end":{"line":27,"column":138}},"16":{"start":{"line":27,"column":73},"end":{"line":27,"column":138}},"17":{"start":{"line":29,"column":8},"end":{"line":29,"column":27}},"18":{"start":{"line":31,"column":8},"end":{"line":52,"column":9}},"19":{"start":{"line":32,"column":12},"end":{"line":40,"column":13}},"20":{"start":{"line":41,"column":12},"end":{"line":46,"column":13}},"21":{"start":{"line":42,"column":16},"end":{"line":42,"column":83}},"22":{"start":{"line":43,"column":16},"end":{"line":43,"column":81}},"23":{"start":{"line":44,"column":16},"end":{"line":44,"column":86}},"24":{"start":{"line":45,"column":16},"end":{"line":45,"column":78}},"25":{"start":{"line":48,"column":15},"end":{"line":52,"column":9}},"26":{"start":{"line":49,"column":12},"end":{"line":49,"column":29}},"27":{"start":{"line":51,"column":12},"end":{"line":51,"column":30}},"28":{"start":{"line":54,"column":8},"end":{"line":54,"column":39}},"29":{"start":{"line":55,"column":8},"end":{"line":55,"column":47}},"30":{"start":{"line":57,"column":8},"end":{"line":61,"column":9}},"31":{"start":{"line":58,"column":12},"end":{"line":60,"column":13}},"32":{"start":{"line":63,"column":8},"end":{"line":63,"column":19}},"33":{"start":{"line":67,"column":8},"end":{"line":97,"column":9}},"34":{"start":{"line":68,"column":12},"end":{"line":75,"column":13}},"35":{"start":{"line":69,"column":16},"end":{"line":69,"column":37}},"36":{"start":{"line":70,"column":19},"end":{"line":75,"column":13}},"37":{"start":{"line":71,"column":16},"end":{"line":71,"column":35}},"38":{"start":{"line":73,"column":16},"end":{"line":73,"column":36}},"39":{"start":{"line":74,"column":16},"end":{"line":74,"column":27}},"40":{"start":{"line":77,"column":12},"end":{"line":77,"column":83}},"41":{"start":{"line":78,"column":12},"end":{"line":78,"column":91}},"42":{"start":{"line":79,"column":12},"end":{"line":79,"column":53}},"43":{"start":{"line":80,"column":12},"end":{"line":80,"column":98}},"44":{"start":{"line":81,"column":12},"end":{"line":81,"column":59}},"45":{"start":{"line":82,"column":12},"end":{"line":82,"column":88}},"46":{"start":{"line":83,"column":12},"end":{"line":83,"column":55}},"47":{"start":{"line":84,"column":12},"end":{"line":84,"column":140}},"48":{"start":{"line":85,"column":12},"end":{"line":85,"column":51}},"49":{"start":{"line":86,"column":12},"end":{"line":86,"column":124}},"50":{"start":{"line":87,"column":12},"end":{"line":87,"column":53}},"51":{"start":{"line":88,"column":12},"end":{"line":88,"column":53}},"52":{"start":{"line":89,"column":12},"end":{"line":89,"column":94}},"53":{"start":{"line":90,"column":12},"end":{"line":90,"column":79}},"54":{"start":{"line":91,"column":12},"end":{"line":91,"column":88}},"55":{"start":{"line":92,"column":12},"end":{"line":92,"column":57}},"56":{"start":{"line":94,"column":12},"end":{"line":96,"column":13}},"57":{"start":{"line":95,"column":16},"end":{"line":95,"column":163}},"58":{"start":{"line":99,"column":8},"end":{"line":99,"column":19}}},"branchMap":{"1":{"line":12,"type":"if","locations":[{"start":{"line":12,"column":8},"end":{"line":12,"column":8}},{"start":{"line":12,"column":8},"end":{"line":12,"column":8}}]},"2":{"line":14,"type":"if","locations":[{"start":{"line":14,"column":16},"end":{"line":14,"column":16}},{"start":{"line":14,"column":16},"end":{"line":14,"column":16}}]},"3":{"line":22,"type":"cond-expr","locations":[{"start":{"line":22,"column":28},"end":{"line":22,"column":41}},{"start":{"line":22,"column":44},"end":{"line":22,"column":53}}]},"4":{"line":27,"type":"if","locations":[{"start":{"line":27,"column":8},"end":{"line":27,"column":8}},{"start":{"line":27,"column":8},"end":{"line":27,"column":8}}]},"5":{"line":27,"type":"binary-expr","locations":[{"start":{"line":27,"column":12},"end":{"line":27,"column":38}},{"start":{"line":27,"column":42},"end":{"line":27,"column":71}}]},"6":{"line":27,"type":"binary-expr","locations":[{"start":{"line":27,"column":89},"end":{"line":27,"column":104}},{"start":{"line":27,"column":108},"end":{"line":27,"column":137}}]},"7":{"line":31,"type":"if","locations":[{"start":{"line":31,"column":8},"end":{"line":31,"column":8}},{"start":{"line":31,"column":8},"end":{"line":31,"column":8}}]},"8":{"line":31,"type":"binary-expr","locations":[{"start":{"line":31,"column":12},"end":{"line":31,"column":41}},{"start":{"line":31,"column":45},"end":{"line":31,"column":81}}]},"9":{"line":34,"type":"cond-expr","locations":[{"start":{"line":34,"column":60},"end":{"line":34,"column":64}},{"start":{"line":34,"column":67},"end":{"line":34,"column":72}}]},"10":{"line":36,"type":"cond-expr","locations":[{"start":{"line":36,"column":80},"end":{"line":36,"column":128}},{"start":{"line":36,"column":131},"end":{"line":36,"column":140}}]},"11":{"line":41,"type":"if","locations":[{"start":{"line":41,"column":12},"end":{"line":41,"column":12}},{"start":{"line":41,"column":12},"end":{"line":41,"column":12}}]},"12":{"line":48,"type":"if","locations":[{"start":{"line":48,"column":15},"end":{"line":48,"column":15}},{"start":{"line":48,"column":15},"end":{"line":48,"column":15}}]},"13":{"line":48,"type":"binary-expr","locations":[{"start":{"line":48,"column":19},"end":{"line":48,"column":53}},{"start":{"line":48,"column":57},"end":{"line":48,"column":98}}]},"14":{"line":57,"type":"if","locations":[{"start":{"line":57,"column":8},"end":{"line":57,"column":8}},{"start":{"line":57,"column":8},"end":{"line":57,"column":8}}]},"15":{"line":57,"type":"binary-expr","locations":[{"start":{"line":57,"column":12},"end":{"line":57,"column":21}},{"start":{"line":57,"column":25},"end":{"line":57,"column":39}}]},"16":{"line":67,"type":"if","locations":[{"start":{"line":67,"column":8},"end":{"line":67,"column":8}},{"start":{"line":67,"column":8},"end":{"line":67,"column":8}}]},"17":{"line":67,"type":"binary-expr","locations":[{"start":{"line":67,"column":12},"end":{"line":67,"column":38}},{"start":{"line":67,"column":42},"end":{"line":67,"column":70}}]},"18":{"line":68,"type":"if","locations":[{"start":{"line":68,"column":12},"end":{"line":68,"column":12}},{"start":{"line":68,"column":12},"end":{"line":68,"column":12}}]},"19":{"line":70,"type":"if","locations":[{"start":{"line":70,"column":19},"end":{"line":70,"column":19}},{"start":{"line":70,"column":19},"end":{"line":70,"column":19}}]},"20":{"line":77,"type":"cond-expr","locations":[{"start":{"line":77,"column":54},"end":{"line":77,"column":72}},{"start":{"line":77,"column":75},"end":{"line":77,"column":83}}]},"21":{"line":78,"type":"cond-expr","locations":[{"start":{"line":78,"column":60},"end":{"line":78,"column":81}},{"start":{"line":78,"column":84},"end":{"line":78,"column":91}}]},"22":{"line":80,"type":"cond-expr","locations":[{"start":{"line":80,"column":64},"end":{"line":80,"column":87}},{"start":{"line":80,"column":90},"end":{"line":80,"column":98}}]},"23":{"line":82,"type":"cond-expr","locations":[{"start":{"line":82,"column":58},"end":{"line":82,"column":78}},{"start":{"line":82,"column":81},"end":{"line":82,"column":88}}]},"24":{"line":84,"type":"cond-expr","locations":[{"start":{"line":84,"column":110},"end":{"line":84,"column":119}},{"start":{"line":84,"column":122},"end":{"line":84,"column":140}}]},"25":{"line":84,"type":"binary-expr","locations":[{"start":{"line":84,"column":37},"end":{"line":84,"column":55}},{"start":{"line":84,"column":59},"end":{"line":84,"column":107}}]},"26":{"line":86,"type":"cond-expr","locations":[{"start":{"line":86,"column":58},"end":{"line":86,"column":112}},{"start":{"line":86,"column":115},"end":{"line":86,"column":124}}]},"27":{"line":89,"type":"cond-expr","locations":[{"start":{"line":89,"column":62},"end":{"line":89,"column":84}},{"start":{"line":89,"column":87},"end":{"line":89,"column":94}}]},"28":{"line":90,"type":"cond-expr","locations":[{"start":{"line":90,"column":52},"end":{"line":90,"column":69}},{"start":{"line":90,"column":72},"end":{"line":90,"column":79}}]},"29":{"line":91,"type":"cond-expr","locations":[{"start":{"line":91,"column":58},"end":{"line":91,"column":78}},{"start":{"line":91,"column":81},"end":{"line":91,"column":88}}]},"30":{"line":94,"type":"if","locations":[{"start":{"line":94,"column":12},"end":{"line":94,"column":12}},{"start":{"line":94,"column":12},"end":{"line":94,"column":12}}]},"31":{"line":94,"type":"binary-expr","locations":[{"start":{"line":94,"column":16},"end":{"line":94,"column":39}},{"start":{"line":94,"column":43},"end":{"line":94,"column":66}}]},"32":{"line":95,"type":"cond-expr","locations":[{"start":{"line":95,"column":94},"end":{"line":95,"column":151}},{"start":{"line":95,"column":154},"end":{"line":95,"column":163}}]}},"code":["const libhash = require('./hash.js')","","const path = require('path')","const fs = require('fs')","","module.exports = class LibID {","    readNFO(file) {","        let p = path.parse(file)","        let nfo = path.join(p.dir, p.name + '.nfo')","        let detectedId","","        if (!fs.existsSync(nfo)) {","            for (let f of fs.readdirSync(p.dir)) {","                if (f.match(/\\.nfo/i) !== null) {","                    nfo = path.join(p.dir, f)","                    break","                }","            }","        }","","        detectedId = fs.readFileSync(nfo).toString().match(/tt\\d+/i)","        return detectedId ? detectedId[0] : undefined","    }","","","    parseResponse(response, info) {","        if (response.data === String() || !response.status.match(/200/)) throw new Error(response.status || 'OpenSubtitles unknown error')","","        let data = Object()","","        if (response.data[info.moviehash] && response.data[info.moviehash].length) { // we got valid info","            data = {","                subcount: response.data[info.moviehash].SubCount,","                added: response.data.accepted_moviehashes ? true : false,","                metadata: {","                    imdbid: response.data[info.moviehash].MovieImdbID !== '0' ? 'tt' + response.data[info.moviehash].MovieImdbID : undefined,","                    title: response.data[info.moviehash].MovieName,","                    year: response.data[info.moviehash].MovieYear,","                }","            }","            if (response.data[info.moviehash].SeriesEpisode + response.data[info.moviehash].SeriesSeason !== '00') {","                data.metadata.episode = response.data[info.moviehash].SeriesEpisode","                data.metadata.season = response.data[info.moviehash].SeriesSeason","                data.metadata.episode_title = data.metadata.title.split('\"')[2].trim()","                data.metadata.title = data.metadata.title.split('\"')[1].trim()","            }","","        } else if (response.data.accepted_moviehashes && response.data.accepted_moviehashes.length) { // we pushed new hash","            data.added = true","        } else { // this was a waste of time","            data.added = false","        }","","        data.moviehash = info.moviehash // inject moviehash","        data.moviebytesize = info.moviebytesize // inject moviebytesize","","        if (info.imdb && !data.metadata) { // inject imdb if possible","            data.metadata = {","                imdbid: 'tt' + info.imdb.replace('tt', '')","            }","        }","","        return data","    }","","    extend(data, response) {","        if (response.data !== String() && response.status.match(/200/)) {","            if (response.data.kind.match(/episode/i)) {","                data.type = 'episode'","            } else if (response.data.kind.match(/movie/i)) {","                data.type = 'movie'","            } else {","                delete data.metadata","                return data // it is impossible that a single file is an entire show","            }","","            data.metadata.cast = response.data.cast ? response.data.cast : Object()","            data.metadata.country = response.data.country ? response.data.country : Array()","            data.metadata.cover = response.data.cover","            data.metadata.directors = response.data.directors ? response.data.directors : Object()","            data.metadata.duration = response.data.duration","            data.metadata.genres = response.data.genres ? response.data.genres : Array()","            data.metadata.rating = response.data.rating","            data.metadata.synopsis = response.data.plot && response.data.plot.match(/add a plot/i) !== null ? undefined : response.data.plot","            data.metadata.year = response.data.year","            data.metadata.trivia = response.data.trivia ? response.data.trivia.replace('See more >>', '').trim() : undefined","            data.metadata.goofs = response.data.goofs","            data.metadata.votes = response.data.votes","            data.metadata.language = response.data.language ? response.data.language : Array()","            data.metadata.aka = response.data.aka ? response.data.aka : Array()","            data.metadata.awards = response.data.awards ? response.data.awards : Array()","            data.metadata.tagline = response.data.tagline","","            if (data.type === 'episode' && response.data.episodeof) {","                data.metadata.show_imdbid = Object.keys(response.data.episodeof).length > 0 ? Object.keys(response.data.episodeof)[0].replace('_','tt') : undefined","            }","        }","","        return data","    }","}"],"l":{"1":1,"3":1,"4":1,"6":1,"8":0,"9":0,"10":0,"12":0,"13":0,"14":0,"15":0,"16":0,"21":0,"22":0,"27":0,"29":0,"31":0,"32":0,"41":0,"42":0,"43":0,"44":0,"45":0,"48":0,"49":0,"51":0,"54":0,"55":0,"57":0,"58":0,"63":0,"67":0,"68":0,"69":0,"70":0,"71":0,"73":0,"74":0,"77":0,"78":0,"79":0,"80":0,"81":0,"82":0,"83":0,"84":0,"85":0,"86":0,"87":0,"88":0,"89":0,"90":0,"91":0,"92":0,"94":0,"95":0,"99":0}}}